#
# There is insufficient memory for the Java Runtime Environment to continue.
# Native memory allocation (malloc) failed to allocate 1101952 bytes. Error detail: Chunk::new
# Possible reasons:
#   The system is out of physical RAM or swap space
#   This process is running with CompressedOops enabled, and the Java Heap may be blocking the growth of the native heap
# Possible solutions:
#   Reduce memory load on the system
#   Increase physical memory or swap space
#   Check if swap backing store is full
#   Decrease Java heap size (-Xmx/-Xms)
#   Decrease number of Java threads
#   Decrease Java thread stack sizes (-Xss)
#   Set larger code cache with -XX:ReservedCodeCacheSize=
#   JVM is running with Unscaled Compressed Oops mode in which the Java heap is
#     placed in the first 4GB address space. The Java Heap base address is the
#     maximum limit for the native heap growth. Please use -XX:HeapBaseMinAddress
#     to set the Java Heap base and to place the Java Heap above 4GB virtual address.
# This output file may be truncated or incomplete.
#
#  Out of Memory Error (arena.cpp:168), pid=27516, tid=24876
#
# JRE version: OpenJDK Runtime Environment Temurin-21.0.6+7 (21.0.6+7) (build 21.0.6+7-LTS)
# Java VM: OpenJDK 64-Bit Server VM Temurin-21.0.6+7 (21.0.6+7-LTS, mixed mode, sharing, tiered, compressed oops, compressed class ptrs, parallel gc, windows-amd64)
# No core dump will be written. Minidumps are not enabled by default on client versions of Windows
#

---------------  S U M M A R Y ------------

Command Line: --add-modules=ALL-SYSTEM --add-opens=java.base/java.util=ALL-UNNAMED --add-opens=java.base/java.lang=ALL-UNNAMED --add-opens=java.base/sun.nio.fs=ALL-UNNAMED -Declipse.application=org.eclipse.jdt.ls.core.id1 -Dosgi.bundles.defaultStartLevel=4 -Declipse.product=org.eclipse.jdt.ls.core.product -Djava.import.generatesMetadataFilesAtProjectRoot=false -DDetectVMInstallationsJob.disabled=true -Dfile.encoding=utf8 -XX:+UseParallelGC -XX:GCTimeRatio=4 -XX:AdaptiveSizePolicyWeight=90 -Dsun.zip.disableMemoryMapping=true -Xmx1G -Xms100m -Xlog:disable -javaagent:c:\Users\truon\.vscode\extensions\redhat.java-1.41.1-win32-x64\lombok\lombok-1.18.36.jar c:\Users\truon\.vscode\extensions\redhat.java-1.41.1-win32-x64\server\plugins\org.eclipse.equinox.launcher_1.7.0.v20250331-1702.jar -configuration c:\Users\truon\AppData\Roaming\Code\User\globalStorage\redhat.java\1.41.1\config_ss_win -data c:\Users\truon\AppData\Roaming\Code\User\workspaceStorage\76f9be1deef55dfe247a5e889a7ac273\redhat.java\ss_ws --pipe=\\.\pipe\lsp-1e860074cf72730abf132d4d56c570db-sock

Host: 12th Gen Intel(R) Core(TM) i5-1240P, 16 cores, 15G,  Windows 11 , 64 bit Build 26100 (10.0.26100.3323)
Time: Tue Apr 15 15:19:39 2025 SE Asia Standard Time elapsed time: 14.475716 seconds (0d 0h 0m 14s)

---------------  T H R E A D  ---------------

Current thread (0x00000222ebf37e70):  JavaThread "C2 CompilerThread0" daemon [_thread_in_native, id=24876, stack(0x000000b1afd00000,0x000000b1afe00000) (1024K)]


Current CompileTask:
C2:14475 3013       4       java.lang.invoke.MethodType::makeImpl (109 bytes)

Stack: [0x000000b1afd00000,0x000000b1afe00000]
Native frames: (J=compiled Java code, j=interpreted, Vv=VM code, C=native code)
V  [jvm.dll+0x6cdee9]
V  [jvm.dll+0x8a83d1]
V  [jvm.dll+0x8aa8fe]
V  [jvm.dll+0x8aafe3]
V  [jvm.dll+0x27f706]
V  [jvm.dll+0xc500d]
V  [jvm.dll+0xc5543]
V  [jvm.dll+0x3b678c]
V  [jvm.dll+0x1dfe13]
V  [jvm.dll+0x247b42]
V  [jvm.dll+0x246fcf]
V  [jvm.dll+0x1c75ee]
V  [jvm.dll+0x25685a]
V  [jvm.dll+0x254dfa]
V  [jvm.dll+0x3f0256]
V  [jvm.dll+0x851f8b]
V  [jvm.dll+0x6cc5ed]
C  [ucrtbase.dll+0x37b0]
C  [KERNEL32.DLL+0x2e8d7]
C  [ntdll.dll+0xbbf6c]


---------------  P R O C E S S  ---------------

Threads class SMR info:
_java_thread_list=0x00000222f2277cf0, length=25, elements={
0x00000222d43898e0, 0x00000222ea7fe920, 0x00000222ebef6cf0, 0x00000222ebef9fa0,
0x00000222ebefacc0, 0x00000222ebefb350, 0x00000222ebefb9e0, 0x00000222ebf37e70,
0x00000222ebf3e540, 0x00000222ebefc070, 0x00000222ebefc700, 0x00000222ebef9280,
0x00000222ebef9910, 0x00000222ebefa630, 0x00000222f24bc370, 0x00000222f24bbce0,
0x00000222f2711170, 0x00000222f24ba930, 0x00000222f2710aa0, 0x00000222f24bafc0,
0x00000222f24bb650, 0x00000222f24ba2a0, 0x00000222f270daf0, 0x00000222f24b9c10,
0x00000222f270e1c0
}

Java Threads: ( => current thread )
  0x00000222d43898e0 JavaThread "main"                              [_thread_blocked, id=27544, stack(0x000000b1af300000,0x000000b1af400000) (1024K)]
  0x00000222ea7fe920 JavaThread "Reference Handler"          daemon [_thread_blocked, id=26684, stack(0x000000b1af700000,0x000000b1af800000) (1024K)]
  0x00000222ebef6cf0 JavaThread "Finalizer"                  daemon [_thread_blocked, id=12272, stack(0x000000b1af800000,0x000000b1af900000) (1024K)]
  0x00000222ebef9fa0 JavaThread "Signal Dispatcher"          daemon [_thread_blocked, id=5760, stack(0x000000b1af900000,0x000000b1afa00000) (1024K)]
  0x00000222ebefacc0 JavaThread "Attach Listener"            daemon [_thread_blocked, id=24432, stack(0x000000b1afa00000,0x000000b1afb00000) (1024K)]
  0x00000222ebefb350 JavaThread "Service Thread"             daemon [_thread_blocked, id=19168, stack(0x000000b1afb00000,0x000000b1afc00000) (1024K)]
  0x00000222ebefb9e0 JavaThread "Monitor Deflation Thread"   daemon [_thread_blocked, id=7536, stack(0x000000b1afc00000,0x000000b1afd00000) (1024K)]
=>0x00000222ebf37e70 JavaThread "C2 CompilerThread0"         daemon [_thread_in_native, id=24876, stack(0x000000b1afd00000,0x000000b1afe00000) (1024K)]
  0x00000222ebf3e540 JavaThread "C1 CompilerThread0"         daemon [_thread_blocked, id=9812, stack(0x000000b1afe00000,0x000000b1aff00000) (1024K)]
  0x00000222ebefc070 JavaThread "Common-Cleaner"             daemon [_thread_blocked, id=26636, stack(0x000000b1b0100000,0x000000b1b0200000) (1024K)]
  0x00000222ebefc700 JavaThread "Notification Thread"        daemon [_thread_blocked, id=15564, stack(0x000000b1b0400000,0x000000b1b0500000) (1024K)]
  0x00000222ebef9280 JavaThread "Active Thread: Equinox Container: 31644aed-39a7-4e87-8a45-99faeb4543ec"        [_thread_blocked, id=21340, stack(0x000000b1b0e00000,0x000000b1b0f00000) (1024K)]
  0x00000222ebef9910 JavaThread "Framework Event Dispatcher: Equinox Container: 31644aed-39a7-4e87-8a45-99faeb4543ec" daemon [_thread_blocked, id=26112, stack(0x000000b1aff00000,0x000000b1b0000000) (1024K)]
  0x00000222ebefa630 JavaThread "Start Level: Equinox Container: 31644aed-39a7-4e87-8a45-99faeb4543ec" daemon [_thread_in_native, id=25428, stack(0x000000b1b0000000,0x000000b1b0100000) (1024K)]
  0x00000222f24bc370 JavaThread "SCR Component Actor"        daemon [_thread_blocked, id=27224, stack(0x000000b1b0300000,0x000000b1b0400000) (1024K)]
  0x00000222f24bbce0 JavaThread "SCR Component Registry"     daemon [_thread_blocked, id=27256, stack(0x000000b1b0b00000,0x000000b1b0c00000) (1024K)]
  0x00000222f2711170 JavaThread "C1 CompilerThread1"         daemon [_thread_blocked, id=27260, stack(0x000000b1b0c00000,0x000000b1b0d00000) (1024K)]
  0x00000222f24ba930 JavaThread "Worker-JM"                         [_thread_blocked, id=27360, stack(0x000000b1b1000000,0x000000b1b1100000) (1024K)]
  0x00000222f2710aa0 JavaThread "C1 CompilerThread2"         daemon [_thread_blocked, id=27372, stack(0x000000b1b1100000,0x000000b1b1200000) (1024K)]
  0x00000222f24bafc0 JavaThread "JNA Cleaner"                daemon [_thread_blocked, id=27448, stack(0x000000b1b0f00000,0x000000b1b1000000) (1024K)]
  0x00000222f24bb650 JavaThread "Worker-0"                          [_thread_blocked, id=27416, stack(0x000000b1b1400000,0x000000b1b1500000) (1024K)]
  0x00000222f24ba2a0 JavaThread "Worker-1"                          [_thread_blocked, id=27608, stack(0x000000b1b1500000,0x000000b1b1600000) (1024K)]
  0x00000222f270daf0 JavaThread "C2 CompilerThread1"         daemon [_thread_blocked, id=23888, stack(0x000000b1b0d00000,0x000000b1b0e00000) (1024K)]
  0x00000222f24b9c10 JavaThread "Java indexing"              daemon [_thread_blocked, id=22608, stack(0x000000b1b1900000,0x000000b1b1a00000) (1024K)]
  0x00000222f270e1c0 JavaThread "C1 CompilerThread3"         daemon [_thread_blocked, id=10292, stack(0x000000b1b1a00000,0x000000b1b1b00000) (1024K)]
Total: 25

Other Threads:
  0x00000222ebef32d0 VMThread "VM Thread"                           [id=23624, stack(0x000000b1af600000,0x000000b1af700000) (1024K)]
  0x00000222ea6dba00 WatcherThread "VM Periodic Task Thread"        [id=25816, stack(0x000000b1af500000,0x000000b1af600000) (1024K)]
  0x00000222d43a96c0 WorkerThread "GC Thread#0"                     [id=15640, stack(0x000000b1af400000,0x000000b1af500000) (1024K)]
  0x00000222edd75bf0 WorkerThread "GC Thread#1"                     [id=26764, stack(0x000000b1b0500000,0x000000b1b0600000) (1024K)]
  0x00000222ed71ea20 WorkerThread "GC Thread#2"                     [id=19804, stack(0x000000b1b0600000,0x000000b1b0700000) (1024K)]
  0x00000222ed71edc0 WorkerThread "GC Thread#3"                     [id=26696, stack(0x000000b1b0700000,0x000000b1b0800000) (1024K)]
  0x00000222ed7e0ef0 WorkerThread "GC Thread#4"                     [id=26672, stack(0x000000b1b0800000,0x000000b1b0900000) (1024K)]
  0x00000222ed7e1290 WorkerThread "GC Thread#5"                     [id=11108, stack(0x000000b1b0900000,0x000000b1b0a00000) (1024K)]
  0x00000222eda63920 WorkerThread "GC Thread#6"                     [id=26844, stack(0x000000b1b0a00000,0x000000b1b0b00000) (1024K)]
  0x00000222f284a5c0 WorkerThread "GC Thread#7"                     [id=27096, stack(0x000000b1b0200000,0x000000b1b0300000) (1024K)]
  0x00000222f28812d0 WorkerThread "GC Thread#8"                     [id=27368, stack(0x000000b1b1200000,0x000000b1b1300000) (1024K)]
  0x00000222f2881670 WorkerThread "GC Thread#9"                     [id=27376, stack(0x000000b1b1300000,0x000000b1b1400000) (1024K)]
  0x00000222f2882c30 WorkerThread "GC Thread#10"                    [id=27576, stack(0x000000b1b1600000,0x000000b1b1700000) (1024K)]
  0x00000222f2881a10 WorkerThread "GC Thread#11"                    [id=27572, stack(0x000000b1b1700000,0x000000b1b1800000) (1024K)]
  0x00000222f2881db0 WorkerThread "GC Thread#12"                    [id=27556, stack(0x000000b1b1800000,0x000000b1b1900000) (1024K)]
Total: 15

Threads with active compile tasks:
C2 CompilerThread0  14511 3013       4       java.lang.invoke.MethodType::makeImpl (109 bytes)
Total: 1

VM state: not at safepoint (normal execution)

VM Mutex/Monitor currently owned by a thread: None

Heap address: 0x00000000c0000000, size: 1024 MB, Compressed Oops mode: 32-bit

CDS archive(s) mapped at: [0x0000022280000000-0x0000022280ba0000-0x0000022280ba0000), size 12189696, SharedBaseAddress: 0x0000022280000000, ArchiveRelocationMode: 1.
Compressed class space mapped at: 0x0000022281000000-0x00000222c1000000, reserved size: 1073741824
Narrow klass base: 0x0000022280000000, Narrow klass shift: 0, Narrow klass range: 0x100000000

GC Precious Log:
 CardTable entry size: 512
 CPUs: 16 total, 16 available
 Memory: 16068M
 Large Page Support: Disabled
 NUMA Support: Disabled
 Compressed Oops: Enabled (32-bit)
 Alignments: Space 512K, Generation 512K, Heap 2M
 Heap Min Capacity: 100M
 Heap Initial Capacity: 100M
 Heap Max Capacity: 1G
 Pre-touch: Disabled
 Parallel Workers: 13

Heap:
 PSYoungGen      total 27648K, used 5689K [0x00000000eab00000, 0x00000000eca00000, 0x0000000100000000)
  eden space 24576K, 12% used [0x00000000eab00000,0x00000000eadfd858,0x00000000ec300000)
  from space 3072K, 85% used [0x00000000ec480000,0x00000000ec710f38,0x00000000ec780000)
  to   space 2560K, 0% used [0x00000000ec780000,0x00000000ec780000,0x00000000eca00000)
 ParOldGen       total 68608K, used 9431K [0x00000000c0000000, 0x00000000c4300000, 0x00000000eab00000)
  object space 68608K, 13% used [0x00000000c0000000,0x00000000c0935ee8,0x00000000c4300000)
 Metaspace       used 23210K, committed 23872K, reserved 1114112K
  class space    used 2144K, committed 2432K, reserved 1048576K

Card table byte_map: [0x00000222e8070000,0x00000222e8280000] _byte_map_base: 0x00000222e7a70000

Marking Bits: (ParMarkBitMap*) 0x00007ff850083260
 Begin Bits: [0x00000222e83e0000, 0x00000222e93e0000)
 End Bits:   [0x00000222e93e0000, 0x00000222ea3e0000)

Polling page: 0x00000222d4460000

Metaspace:

Usage:
  Non-class:     20.57 MB used.
      Class:      2.09 MB used.
       Both:     22.67 MB used.

Virtual space:
  Non-class space:       64.00 MB reserved,      20.94 MB ( 33%) committed,  1 nodes.
      Class space:        1.00 GB reserved,       2.38 MB ( <1%) committed,  1 nodes.
             Both:        1.06 GB reserved,      23.31 MB (  2%) committed. 

Chunk freelists:
   Non-Class:  10.20 MB
       Class:  13.47 MB
        Both:  23.67 MB

MaxMetaspaceSize: unlimited
CompressedClassSpaceSize: 1.00 GB
Initial GC threshold: 21.00 MB
Current GC threshold: 35.00 MB
CDS: on
 - commit_granule_bytes: 65536.
 - commit_granule_words: 8192.
 - virtual_space_node_default_size: 8388608.
 - enlarge_chunks_in_place: 1.
 - use_allocation_guard: 0.


Internal statistics:

num_allocs_failed_limit: 3.
num_arena_births: 514.
num_arena_deaths: 14.
num_vsnodes_births: 2.
num_vsnodes_deaths: 0.
num_space_committed: 373.
num_space_uncommitted: 0.
num_chunks_returned_to_freelist: 17.
num_chunks_taken_from_freelist: 1379.
num_chunk_merges: 9.
num_chunk_splits: 916.
num_chunks_enlarged: 591.
num_inconsistent_stats: 0.

CodeHeap 'non-profiled nmethods': size=119168Kb used=1428Kb max_used=1428Kb free=117740Kb
 bounds [0x00000222e0a30000, 0x00000222e0ca0000, 0x00000222e7e90000]
CodeHeap 'profiled nmethods': size=119104Kb used=6352Kb max_used=6352Kb free=112752Kb
 bounds [0x00000222d8e90000, 0x00000222d94d0000, 0x00000222e02e0000]
CodeHeap 'non-nmethods': size=7488Kb used=3008Kb max_used=3025Kb free=4479Kb
 bounds [0x00000222e02e0000, 0x00000222e0650000, 0x00000222e0a30000]
 total_blobs=3747 nmethods=3138 adapters=512
 compilation: enabled
              stopped_count=0, restarted_count=0
 full_count=0

Compilation events (20 events):
Event: 14.425 Thread 0x00000222f2710aa0 nmethod 3128 0x00000222d94be190 code [0x00000222d94be3a0, 0x00000222d94bea58]
Event: 14.431 Thread 0x00000222f270daf0 nmethod 3044 0x00000222e0b92f90 code [0x00000222e0b93140, 0x00000222e0b933b8]
Event: 14.431 Thread 0x00000222f270daf0 3129       4       java.util.HashMap::put (13 bytes)
Event: 14.433 Thread 0x00000222f2711170 3130       3       java.lang.CharacterDataLatin1::toUpperCase (67 bytes)
Event: 14.433 Thread 0x00000222f270e1c0 3131       3       java.lang.Character::toUpperCase (6 bytes)
Event: 14.433 Thread 0x00000222f2710aa0 3132       3       java.lang.Character::toUpperCase (9 bytes)
Event: 14.434 Thread 0x00000222f2711170 nmethod 3130 0x00000222d94bed10 code [0x00000222d94beee0, 0x00000222d94bf208]
Event: 14.434 Thread 0x00000222f270e1c0 nmethod 3131 0x00000222d94bf290 code [0x00000222d94bf460, 0x00000222d94bf6b8]
Event: 14.434 Thread 0x00000222f2710aa0 nmethod 3132 0x00000222d94bf790 code [0x00000222d94bf940, 0x00000222d94bfb38]
Event: 14.434 Thread 0x00000222ebf3e540 3134       3       java.lang.ProcessEnvironment$NameComparator::compare (90 bytes)
Event: 14.434 Thread 0x00000222f2711170 3133       3       java.lang.ProcessEnvironment$NameComparator::compare (13 bytes)
Event: 14.435 Thread 0x00000222f2711170 nmethod 3133 0x00000222d94bfc10 code [0x00000222d94bfdc0, 0x00000222d94c00e0]
Event: 14.436 Thread 0x00000222f2711170 3135       3       java.lang.AbstractStringBuilder::append (45 bytes)
Event: 14.436 Thread 0x00000222ebf3e540 nmethod 3134 0x00000222d94c0190 code [0x00000222d94c04a0, 0x00000222d94c16c0]
Event: 14.437 Thread 0x00000222f2711170 nmethod 3135 0x00000222d94c1f10 code [0x00000222d94c2120, 0x00000222d94c2648]
Event: 14.451 Thread 0x00000222f270daf0 nmethod 3129 0x00000222e0b93590 code [0x00000222e0b937a0, 0x00000222e0b93f50]
Event: 14.451 Thread 0x00000222f270daf0 3136       4       java.lang.ref.Reference::<init> (25 bytes)
Event: 14.452 Thread 0x00000222f270daf0 nmethod 3136 0x00000222e0b94510 code [0x00000222e0b946a0, 0x00000222e0b94768]
Event: 14.452 Thread 0x00000222f270daf0 3060       4       java.util.Collections::emptyList (4 bytes)
Event: 14.452 Thread 0x00000222f270daf0 nmethod 3060 0x00000222e0b94810 code [0x00000222e0b949a0, 0x00000222e0b94a10]

GC Heap History (16 events):
Event: 1.513 GC heap before
{Heap before GC invocations=1 (full 0):
 PSYoungGen      total 29696K, used 25600K [0x00000000eab00000, 0x00000000ecc00000, 0x0000000100000000)
  eden space 25600K, 100% used [0x00000000eab00000,0x00000000ec400000,0x00000000ec400000)
  from space 4096K, 0% used [0x00000000ec800000,0x00000000ec800000,0x00000000ecc00000)
  to   space 4096K, 0% used [0x00000000ec400000,0x00000000ec400000,0x00000000ec800000)
 ParOldGen       total 68608K, used 0K [0x00000000c0000000, 0x00000000c4300000, 0x00000000eab00000)
  object space 68608K, 0% used [0x00000000c0000000,0x00000000c0000000,0x00000000c4300000)
 Metaspace       used 3963K, committed 4160K, reserved 1114112K
  class space    used 401K, committed 512K, reserved 1048576K
}
Event: 1.527 GC heap after
{Heap after GC invocations=1 (full 0):
 PSYoungGen      total 29696K, used 3141K [0x00000000eab00000, 0x00000000ecc00000, 0x0000000100000000)
  eden space 25600K, 0% used [0x00000000eab00000,0x00000000eab00000,0x00000000ec400000)
  from space 4096K, 76% used [0x00000000ec400000,0x00000000ec7117f0,0x00000000ec800000)
  to   space 4096K, 0% used [0x00000000ec800000,0x00000000ec800000,0x00000000ecc00000)
 ParOldGen       total 68608K, used 16K [0x00000000c0000000, 0x00000000c4300000, 0x00000000eab00000)
  object space 68608K, 0% used [0x00000000c0000000,0x00000000c0004000,0x00000000c4300000)
 Metaspace       used 3963K, committed 4160K, reserved 1114112K
  class space    used 401K, committed 512K, reserved 1048576K
}
Event: 11.395 GC heap before
{Heap before GC invocations=2 (full 0):
 PSYoungGen      total 29696K, used 28741K [0x00000000eab00000, 0x00000000ecc00000, 0x0000000100000000)
  eden space 25600K, 100% used [0x00000000eab00000,0x00000000ec400000,0x00000000ec400000)
  from space 4096K, 76% used [0x00000000ec400000,0x00000000ec7117f0,0x00000000ec800000)
  to   space 4096K, 0% used [0x00000000ec800000,0x00000000ec800000,0x00000000ecc00000)
 ParOldGen       total 68608K, used 16K [0x00000000c0000000, 0x00000000c4300000, 0x00000000eab00000)
  object space 68608K, 0% used [0x00000000c0000000,0x00000000c0004000,0x00000000c4300000)
 Metaspace       used 7831K, committed 8128K, reserved 1114112K
  class space    used 769K, committed 960K, reserved 1048576K
}
Event: 11.402 GC heap after
{Heap after GC invocations=2 (full 0):
 PSYoungGen      total 29696K, used 4095K [0x00000000eab00000, 0x00000000ecc00000, 0x0000000100000000)
  eden space 25600K, 0% used [0x00000000eab00000,0x00000000eab00000,0x00000000ec400000)
  from space 4096K, 99% used [0x00000000ec800000,0x00000000ecbffc10,0x00000000ecc00000)
  to   space 4096K, 0% used [0x00000000ec400000,0x00000000ec400000,0x00000000ec800000)
 ParOldGen       total 68608K, used 785K [0x00000000c0000000, 0x00000000c4300000, 0x00000000eab00000)
  object space 68608K, 1% used [0x00000000c0000000,0x00000000c00c4688,0x00000000c4300000)
 Metaspace       used 7831K, committed 8128K, reserved 1114112K
  class space    used 769K, committed 960K, reserved 1048576K
}
Event: 12.212 GC heap before
{Heap before GC invocations=3 (full 0):
 PSYoungGen      total 29696K, used 29650K [0x00000000eab00000, 0x00000000ecc00000, 0x0000000100000000)
  eden space 25600K, 99% used [0x00000000eab00000,0x00000000ec3f4eb0,0x00000000ec400000)
  from space 4096K, 99% used [0x00000000ec800000,0x00000000ecbffc10,0x00000000ecc00000)
  to   space 4096K, 0% used [0x00000000ec400000,0x00000000ec400000,0x00000000ec800000)
 ParOldGen       total 68608K, used 785K [0x00000000c0000000, 0x00000000c4300000, 0x00000000eab00000)
  object space 68608K, 1% used [0x00000000c0000000,0x00000000c00c4688,0x00000000c4300000)
 Metaspace       used 12661K, committed 13120K, reserved 1114112K
  class space    used 1267K, committed 1472K, reserved 1048576K
}
Event: 12.217 GC heap after
{Heap after GC invocations=3 (full 0):
 PSYoungGen      total 29696K, used 4083K [0x00000000eab00000, 0x00000000ecc00000, 0x0000000100000000)
  eden space 25600K, 0% used [0x00000000eab00000,0x00000000eab00000,0x00000000ec400000)
  from space 4096K, 99% used [0x00000000ec400000,0x00000000ec7fcea8,0x00000000ec800000)
  to   space 4096K, 0% used [0x00000000ec800000,0x00000000ec800000,0x00000000ecc00000)
 ParOldGen       total 68608K, used 2468K [0x00000000c0000000, 0x00000000c4300000, 0x00000000eab00000)
  object space 68608K, 3% used [0x00000000c0000000,0x00000000c02693e0,0x00000000c4300000)
 Metaspace       used 12661K, committed 13120K, reserved 1114112K
  class space    used 1267K, committed 1472K, reserved 1048576K
}
Event: 12.974 GC heap before
{Heap before GC invocations=4 (full 0):
 PSYoungGen      total 29696K, used 29683K [0x00000000eab00000, 0x00000000ecc00000, 0x0000000100000000)
  eden space 25600K, 100% used [0x00000000eab00000,0x00000000ec400000,0x00000000ec400000)
  from space 4096K, 99% used [0x00000000ec400000,0x00000000ec7fcea8,0x00000000ec800000)
  to   space 4096K, 0% used [0x00000000ec800000,0x00000000ec800000,0x00000000ecc00000)
 ParOldGen       total 68608K, used 2468K [0x00000000c0000000, 0x00000000c4300000, 0x00000000eab00000)
  object space 68608K, 3% used [0x00000000c0000000,0x00000000c02693e0,0x00000000c4300000)
 Metaspace       used 16366K, committed 17024K, reserved 1114112K
  class space    used 1639K, committed 1920K, reserved 1048576K
}
Event: 12.978 GC heap after
{Heap after GC invocations=4 (full 0):
 PSYoungGen      total 29696K, used 4079K [0x00000000eab00000, 0x00000000ecc00000, 0x0000000100000000)
  eden space 25600K, 0% used [0x00000000eab00000,0x00000000eab00000,0x00000000ec400000)
  from space 4096K, 99% used [0x00000000ec800000,0x00000000ecbfbd08,0x00000000ecc00000)
  to   space 4096K, 0% used [0x00000000ec400000,0x00000000ec400000,0x00000000ec800000)
 ParOldGen       total 68608K, used 5629K [0x00000000c0000000, 0x00000000c4300000, 0x00000000eab00000)
  object space 68608K, 8% used [0x00000000c0000000,0x00000000c057f460,0x00000000c4300000)
 Metaspace       used 16366K, committed 17024K, reserved 1114112K
  class space    used 1639K, committed 1920K, reserved 1048576K
}
Event: 13.364 GC heap before
{Heap before GC invocations=5 (full 0):
 PSYoungGen      total 29696K, used 29679K [0x00000000eab00000, 0x00000000ecc00000, 0x0000000100000000)
  eden space 25600K, 100% used [0x00000000eab00000,0x00000000ec400000,0x00000000ec400000)
  from space 4096K, 99% used [0x00000000ec800000,0x00000000ecbfbd08,0x00000000ecc00000)
  to   space 4096K, 0% used [0x00000000ec400000,0x00000000ec400000,0x00000000ec800000)
 ParOldGen       total 68608K, used 5629K [0x00000000c0000000, 0x00000000c4300000, 0x00000000eab00000)
  object space 68608K, 8% used [0x00000000c0000000,0x00000000c057f460,0x00000000c4300000)
 Metaspace       used 19650K, committed 20288K, reserved 1114112K
  class space    used 1865K, committed 2112K, reserved 1048576K
}
Event: 13.367 GC heap after
{Heap after GC invocations=5 (full 0):
 PSYoungGen      total 29184K, used 4085K [0x00000000eab00000, 0x00000000ece80000, 0x0000000100000000)
  eden space 25088K, 0% used [0x00000000eab00000,0x00000000eab00000,0x00000000ec380000)
  from space 4096K, 99% used [0x00000000ec400000,0x00000000ec7fd538,0x00000000ec800000)
  to   space 5632K, 0% used [0x00000000ec900000,0x00000000ec900000,0x00000000ece80000)
 ParOldGen       total 68608K, used 6136K [0x00000000c0000000, 0x00000000c4300000, 0x00000000eab00000)
  object space 68608K, 8% used [0x00000000c0000000,0x00000000c05fe0f0,0x00000000c4300000)
 Metaspace       used 19650K, committed 20288K, reserved 1114112K
  class space    used 1865K, committed 2112K, reserved 1048576K
}
Event: 13.504 GC heap before
{Heap before GC invocations=6 (full 0):
 PSYoungGen      total 29184K, used 13388K [0x00000000eab00000, 0x00000000ece80000, 0x0000000100000000)
  eden space 25088K, 37% used [0x00000000eab00000,0x00000000eb415ae0,0x00000000ec380000)
  from space 4096K, 99% used [0x00000000ec400000,0x00000000ec7fd538,0x00000000ec800000)
  to   space 5632K, 0% used [0x00000000ec900000,0x00000000ec900000,0x00000000ece80000)
 ParOldGen       total 68608K, used 6136K [0x00000000c0000000, 0x00000000c4300000, 0x00000000eab00000)
  object space 68608K, 8% used [0x00000000c0000000,0x00000000c05fe0f0,0x00000000c4300000)
 Metaspace       used 20868K, committed 21504K, reserved 1114112K
  class space    used 1963K, committed 2240K, reserved 1048576K
}
Event: 13.507 GC heap after
{Heap after GC invocations=6 (full 0):
 PSYoungGen      total 29696K, used 4328K [0x00000000eab00000, 0x00000000ecd80000, 0x0000000100000000)
  eden space 25088K, 0% used [0x00000000eab00000,0x00000000eab00000,0x00000000ec380000)
  from space 4608K, 93% used [0x00000000ec900000,0x00000000ecd3a1d8,0x00000000ecd80000)
  to   space 4608K, 0% used [0x00000000ec480000,0x00000000ec480000,0x00000000ec900000)
 ParOldGen       total 68608K, used 6136K [0x00000000c0000000, 0x00000000c4300000, 0x00000000eab00000)
  object space 68608K, 8% used [0x00000000c0000000,0x00000000c05fe0f0,0x00000000c4300000)
 Metaspace       used 20868K, committed 21504K, reserved 1114112K
  class space    used 1963K, committed 2240K, reserved 1048576K
}
Event: 13.507 GC heap before
{Heap before GC invocations=7 (full 1):
 PSYoungGen      total 29696K, used 4328K [0x00000000eab00000, 0x00000000ecd80000, 0x0000000100000000)
  eden space 25088K, 0% used [0x00000000eab00000,0x00000000eab00000,0x00000000ec380000)
  from space 4608K, 93% used [0x00000000ec900000,0x00000000ecd3a1d8,0x00000000ecd80000)
  to   space 4608K, 0% used [0x00000000ec480000,0x00000000ec480000,0x00000000ec900000)
 ParOldGen       total 68608K, used 6136K [0x00000000c0000000, 0x00000000c4300000, 0x00000000eab00000)
  object space 68608K, 8% used [0x00000000c0000000,0x00000000c05fe0f0,0x00000000c4300000)
 Metaspace       used 20868K, committed 21504K, reserved 1114112K
  class space    used 1963K, committed 2240K, reserved 1048576K
}
Event: 13.544 GC heap after
{Heap after GC invocations=7 (full 1):
 PSYoungGen      total 29696K, used 0K [0x00000000eab00000, 0x00000000ecd80000, 0x0000000100000000)
  eden space 25088K, 0% used [0x00000000eab00000,0x00000000eab00000,0x00000000ec380000)
  from space 4608K, 0% used [0x00000000ec900000,0x00000000ec900000,0x00000000ecd80000)
  to   space 4608K, 0% used [0x00000000ec480000,0x00000000ec480000,0x00000000ec900000)
 ParOldGen       total 68608K, used 9423K [0x00000000c0000000, 0x00000000c4300000, 0x00000000eab00000)
  object space 68608K, 13% used [0x00000000c0000000,0x00000000c0933ee8,0x00000000c4300000)
 Metaspace       used 20855K, committed 21504K, reserved 1114112K
  class space    used 1959K, committed 2240K, reserved 1048576K
}
Event: 14.350 GC heap before
{Heap before GC invocations=8 (full 1):
 PSYoungGen      total 29696K, used 25088K [0x00000000eab00000, 0x00000000ecd80000, 0x0000000100000000)
  eden space 25088K, 100% used [0x00000000eab00000,0x00000000ec380000,0x00000000ec380000)
  from space 4608K, 0% used [0x00000000ec900000,0x00000000ec900000,0x00000000ecd80000)
  to   space 4608K, 0% used [0x00000000ec480000,0x00000000ec480000,0x00000000ec900000)
 ParOldGen       total 68608K, used 9423K [0x00000000c0000000, 0x00000000c4300000, 0x00000000eab00000)
  object space 68608K, 13% used [0x00000000c0000000,0x00000000c0933ee8,0x00000000c4300000)
 Metaspace       used 22864K, committed 23616K, reserved 1114112K
  class space    used 2118K, committed 2432K, reserved 1048576K
}
Event: 14.353 GC heap after
{Heap after GC invocations=8 (full 1):
 PSYoungGen      total 27648K, used 2627K [0x00000000eab00000, 0x00000000eca00000, 0x0000000100000000)
  eden space 24576K, 0% used [0x00000000eab00000,0x00000000eab00000,0x00000000ec300000)
  from space 3072K, 85% used [0x00000000ec480000,0x00000000ec710f38,0x00000000ec780000)
  to   space 2560K, 0% used [0x00000000ec780000,0x00000000ec780000,0x00000000eca00000)
 ParOldGen       total 68608K, used 9431K [0x00000000c0000000, 0x00000000c4300000, 0x00000000eab00000)
  object space 68608K, 13% used [0x00000000c0000000,0x00000000c0935ee8,0x00000000c4300000)
 Metaspace       used 22864K, committed 23616K, reserved 1114112K
  class space    used 2118K, committed 2432K, reserved 1048576K
}

Dll operation events (10 events):
Event: 0.091 Loaded shared library c:\Users\truon\.vscode\extensions\redhat.java-1.41.1-win32-x64\jre\21.0.6-win32-x86_64\bin\java.dll
Event: 0.262 Loaded shared library c:\Users\truon\.vscode\extensions\redhat.java-1.41.1-win32-x64\jre\21.0.6-win32-x86_64\bin\zip.dll
Event: 0.302 Loaded shared library C:\Users\truon\.vscode\extensions\redhat.java-1.41.1-win32-x64\jre\21.0.6-win32-x86_64\bin\instrument.dll
Event: 0.312 Loaded shared library C:\Users\truon\.vscode\extensions\redhat.java-1.41.1-win32-x64\jre\21.0.6-win32-x86_64\bin\net.dll
Event: 0.315 Loaded shared library C:\Users\truon\.vscode\extensions\redhat.java-1.41.1-win32-x64\jre\21.0.6-win32-x86_64\bin\nio.dll
Event: 0.322 Loaded shared library C:\Users\truon\.vscode\extensions\redhat.java-1.41.1-win32-x64\jre\21.0.6-win32-x86_64\bin\zip.dll
Event: 0.362 Loaded shared library C:\Users\truon\.vscode\extensions\redhat.java-1.41.1-win32-x64\jre\21.0.6-win32-x86_64\bin\jimage.dll
Event: 0.483 Loaded shared library c:\Users\truon\.vscode\extensions\redhat.java-1.41.1-win32-x64\jre\21.0.6-win32-x86_64\bin\verify.dll
Event: 11.394 Loaded shared library C:\Users\truon\AppData\Roaming\Code\User\globalStorage\redhat.java\1.41.1\config_ss_win\org.eclipse.equinox.launcher\org.eclipse.equinox.launcher.win32.win32.x86_64_1.2.1300.v20250331-1702\eclipse_11911.dll
Event: 12.737 Loaded shared library C:\Users\truon\AppData\Local\Temp\jna-110640598\jna15633775211912500993.dll

Deoptimization events (20 events):
Event: 14.430 Thread 0x00000222ebefa630 Uncommon trap: trap_request=0xffffffc6 fr.pc=0x00000222e0ad4430 relative=0x0000000000000950
Event: 14.430 Thread 0x00000222ebefa630 Uncommon trap: reason=bimorphic_or_optimized_type_check action=maybe_recompile pc=0x00000222e0ad4430 method=java.util.HashMap.putVal(ILjava/lang/Object;Ljava/lang/Object;ZZ)Ljava/lang/Object; @ 56 c2
Event: 14.430 Thread 0x00000222ebefa630 DEOPT PACKING pc=0x00000222e0ad4430 sp=0x000000b1b00fdea0
Event: 14.430 Thread 0x00000222ebefa630 DEOPT UNPACKING pc=0x00000222e0333aa2 sp=0x000000b1b00fdda0 mode 2
Event: 14.430 Thread 0x00000222ebefa630 Uncommon trap: trap_request=0xffffffc6 fr.pc=0x00000222e0ad4430 relative=0x0000000000000950
Event: 14.430 Thread 0x00000222ebefa630 Uncommon trap: reason=bimorphic_or_optimized_type_check action=maybe_recompile pc=0x00000222e0ad4430 method=java.util.HashMap.putVal(ILjava/lang/Object;Ljava/lang/Object;ZZ)Ljava/lang/Object; @ 56 c2
Event: 14.430 Thread 0x00000222ebefa630 DEOPT PACKING pc=0x00000222e0ad4430 sp=0x000000b1b00fdea0
Event: 14.430 Thread 0x00000222ebefa630 DEOPT UNPACKING pc=0x00000222e0333aa2 sp=0x000000b1b00fdda0 mode 2
Event: 14.430 Thread 0x00000222ebefa630 Uncommon trap: trap_request=0xffffffc6 fr.pc=0x00000222e0ad4460 relative=0x0000000000000980
Event: 14.430 Thread 0x00000222ebefa630 Uncommon trap: reason=bimorphic_or_optimized_type_check action=maybe_recompile pc=0x00000222e0ad4460 method=java.util.HashMap.putVal(ILjava/lang/Object;Ljava/lang/Object;ZZ)Ljava/lang/Object; @ 152 c2
Event: 14.430 Thread 0x00000222ebefa630 DEOPT PACKING pc=0x00000222e0ad4460 sp=0x000000b1b00fdea0
Event: 14.430 Thread 0x00000222ebefa630 DEOPT UNPACKING pc=0x00000222e0333aa2 sp=0x000000b1b00fdda8 mode 2
Event: 14.430 Thread 0x00000222ebefa630 Uncommon trap: trap_request=0xffffffc6 fr.pc=0x00000222e0ad4430 relative=0x0000000000000950
Event: 14.430 Thread 0x00000222ebefa630 Uncommon trap: reason=bimorphic_or_optimized_type_check action=maybe_recompile pc=0x00000222e0ad4430 method=java.util.HashMap.putVal(ILjava/lang/Object;Ljava/lang/Object;ZZ)Ljava/lang/Object; @ 56 c2
Event: 14.430 Thread 0x00000222ebefa630 DEOPT PACKING pc=0x00000222e0ad4430 sp=0x000000b1b00fdea0
Event: 14.430 Thread 0x00000222ebefa630 DEOPT UNPACKING pc=0x00000222e0333aa2 sp=0x000000b1b00fdda0 mode 2
Event: 14.430 Thread 0x00000222ebefa630 Uncommon trap: trap_request=0xffffffc6 fr.pc=0x00000222e0a40608 relative=0x00000000000008c8
Event: 14.430 Thread 0x00000222ebefa630 Uncommon trap: reason=bimorphic_or_optimized_type_check action=maybe_recompile pc=0x00000222e0a40608 method=java.util.HashMap.putVal(ILjava/lang/Object;Ljava/lang/Object;ZZ)Ljava/lang/Object; @ 56 c2
Event: 14.430 Thread 0x00000222ebefa630 DEOPT PACKING pc=0x00000222e0a40608 sp=0x000000b1b00fde10
Event: 14.430 Thread 0x00000222ebefa630 DEOPT UNPACKING pc=0x00000222e0333aa2 sp=0x000000b1b00fdda8 mode 2

Classes loaded (20 events):
Event: 14.424 Loading class java/lang/ProcessEnvironment
Event: 14.427 Loading class java/lang/ProcessEnvironment done
Event: 14.429 Loading class java/lang/ProcessEnvironment$NameComparator
Event: 14.429 Loading class java/lang/ProcessEnvironment$NameComparator done
Event: 14.429 Loading class java/lang/ProcessEnvironment$EntryComparator
Event: 14.430 Loading class java/lang/ProcessEnvironment$EntryComparator done
Event: 14.431 Loading class java/lang/ProcessEnvironment$CheckedEntrySet
Event: 14.431 Loading class java/lang/ProcessEnvironment$CheckedEntrySet done
Event: 14.431 Loading class java/lang/ProcessEnvironment$CheckedEntrySet$1
Event: 14.431 Loading class java/lang/ProcessEnvironment$CheckedEntrySet$1 done
Event: 14.433 Loading class java/lang/ProcessEnvironment$CheckedEntry
Event: 14.433 Loading class java/lang/ProcessEnvironment$CheckedEntry done
Event: 14.453 Loading class sun/nio/fs/WindowsException
Event: 14.453 Loading class sun/nio/fs/WindowsException done
Event: 14.456 Loading class sun/nio/cs/ISO_8859_1$Encoder
Event: 14.472 Loading class sun/nio/cs/ISO_8859_1$Encoder done
Event: 14.472 Loading class sun/nio/cs/Surrogate$Parser
Event: 14.473 Loading class sun/nio/cs/Surrogate$Parser done
Event: 14.473 Loading class sun/nio/cs/Surrogate
Event: 14.474 Loading class sun/nio/cs/Surrogate done

Classes unloaded (7 events):
Event: 13.515 Thread 0x00000222ebef32d0 Unloading class 0x0000022281183400 'java/lang/invoke/LambdaForm$MH+0x0000022281183400'
Event: 13.515 Thread 0x00000222ebef32d0 Unloading class 0x0000022281183000 'java/lang/invoke/LambdaForm$MH+0x0000022281183000'
Event: 13.515 Thread 0x00000222ebef32d0 Unloading class 0x0000022281182c00 'java/lang/invoke/LambdaForm$MH+0x0000022281182c00'
Event: 13.515 Thread 0x00000222ebef32d0 Unloading class 0x0000022281182800 'java/lang/invoke/LambdaForm$MH+0x0000022281182800'
Event: 13.515 Thread 0x00000222ebef32d0 Unloading class 0x0000022281182400 'java/lang/invoke/LambdaForm$BMH+0x0000022281182400'
Event: 13.515 Thread 0x00000222ebef32d0 Unloading class 0x0000022281182000 'java/lang/invoke/LambdaForm$DMH+0x0000022281182000'
Event: 13.515 Thread 0x00000222ebef32d0 Unloading class 0x0000022281180c00 'java/lang/invoke/LambdaForm$DMH+0x0000022281180c00'

Classes redefined (0 events):
No events

Internal exceptions (20 events):
Event: 12.776 Thread 0x00000222ebefa630 Exception <a 'java/lang/NoSuchMethodError'{0x00000000ebcd1340}: 'void java.lang.invoke.Invokers$Holder.invokeExact_MT(java.lang.Object, java.lang.Object, int, java.lang.Object)'> (0x00000000ebcd1340) 
thrown [s\src\hotspot\share\interpreter\linkResolver.cpp, line 773]
Event: 12.821 Thread 0x00000222ebefa630 Exception <a 'java/lang/NoSuchMethodError'{0x00000000ebdc7908}: 'java.lang.Object java.lang.invoke.DirectMethodHandle$Holder.invokeSpecial(java.lang.Object, java.lang.Object, java.lang.Object, long, java.lang.Object)'> (0x00000000ebdc7908) 
thrown [s\src\hotspot\share\interpreter\linkResolver.cpp, line 773]
Event: 12.822 Thread 0x00000222ebefa630 Exception <a 'java/lang/NoSuchMethodError'{0x00000000ebdcf2e0}: 'java.lang.Object java.lang.invoke.DirectMethodHandle$Holder.newInvokeSpecial(java.lang.Object, java.lang.Object, java.lang.Object, long)'> (0x00000000ebdcf2e0) 
thrown [s\src\hotspot\share\interpreter\linkResolver.cpp, line 773]
Event: 12.822 Thread 0x00000222ebefa630 Exception <a 'java/lang/NoSuchMethodError'{0x00000000ebdd2f60}: 'java.lang.Object java.lang.invoke.Invokers$Holder.linkToTargetMethod(java.lang.Object, java.lang.Object, long, java.lang.Object)'> (0x00000000ebdd2f60) 
thrown [s\src\hotspot\share\interpreter\linkResolver.cpp, line 773]
Event: 12.835 Thread 0x00000222ebefa630 Exception <a 'java/lang/NoSuchMethodError'{0x00000000ebe400e8}: 'int java.lang.invoke.DirectMethodHandle$Holder.invokeStaticInit(java.lang.Object, java.lang.Object, java.lang.Object)'> (0x00000000ebe400e8) 
thrown [s\src\hotspot\share\interpreter\linkResolver.cpp, line 773]
Event: 12.850 Thread 0x00000222ebefa630 Exception <a 'java/lang/IncompatibleClassChangeError'{0x00000000ebec4960}: Found class java.lang.Object, but interface was expected> (0x00000000ebec4960) 
thrown [s\src\hotspot\share\interpreter\linkResolver.cpp, line 840]
Event: 12.856 Thread 0x00000222ebefa630 Exception <a 'java/lang/NoSuchMethodError'{0x00000000ebedb088}: 'java.lang.Object java.lang.invoke.DirectMethodHandle$Holder.invokeSpecial(java.lang.Object, java.lang.Object, java.lang.Object, int, java.lang.Object, java.lang.Object)'> (0x00000000ebedb088) 
thrown [s\src\hotspot\share\interpreter\linkResolver.cpp, line 773]
Event: 12.857 Thread 0x00000222ebefa630 Exception <a 'java/lang/NoSuchMethodError'{0x00000000ebee2920}: 'java.lang.Object java.lang.invoke.DirectMethodHandle$Holder.newInvokeSpecial(java.lang.Object, java.lang.Object, java.lang.Object, int, java.lang.Object)'> (0x00000000ebee2920) 
thrown [s\src\hotspot\share\interpreter\linkResolver.cpp, line 773]
Event: 12.858 Thread 0x00000222ebefa630 Exception <a 'java/lang/NoSuchMethodError'{0x00000000ebee6410}: 'java.lang.Object java.lang.invoke.Invokers$Holder.linkToTargetMethod(java.lang.Object, java.lang.Object, int, java.lang.Object, java.lang.Object)'> (0x00000000ebee6410) 
thrown [s\src\hotspot\share\interpreter\linkResolver.cpp, line 773]
Event: 12.859 Thread 0x00000222f24bb650 Exception <a 'java/lang/NoSuchMethodError'{0x00000000ebdfe6a8}: 'java.lang.Object java.lang.invoke.DirectMethodHandle$Holder.invokeSpecial(java.lang.Object, java.lang.Object, int, java.lang.Object, java.lang.Object)'> (0x00000000ebdfe6a8) 
thrown [s\src\hotspot\share\interpreter\linkResolver.cpp, line 773]
Event: 12.860 Thread 0x00000222f24bb650 Exception <a 'java/lang/NoSuchMethodError'{0x00000000ebe053e0}: 'java.lang.Object java.lang.invoke.DirectMethodHandle$Holder.newInvokeSpecial(java.lang.Object, java.lang.Object, int, java.lang.Object)'> (0x00000000ebe053e0) 
thrown [s\src\hotspot\share\interpreter\linkResolver.cpp, line 773]
Event: 12.893 Thread 0x00000222ebefa630 Exception <a 'java/lang/NoSuchMethodError'{0x00000000ebff98a8}: 'void java.lang.invoke.DirectMethodHandle$Holder.invokeSpecial(java.lang.Object, java.lang.Object, java.lang.Object, java.lang.Object, java.lang.Object)'> (0x00000000ebff98a8) 
thrown [s\src\hotspot\share\interpreter\linkResolver.cpp, line 773]
Event: 12.940 Thread 0x00000222ebefa630 Exception <a 'java/lang/NoSuchMethodError'{0x00000000ec2052e0}: 'double java.lang.invoke.DirectMethodHandle$Holder.invokeStatic(java.lang.Object, java.lang.Object)'> (0x00000000ec2052e0) 
thrown [s\src\hotspot\share\interpreter\linkResolver.cpp, line 773]
Event: 12.941 Thread 0x00000222ebefa630 Exception <a 'java/lang/NoSuchMethodError'{0x00000000ec2089a0}: 'double java.lang.invoke.DirectMethodHandle$Holder.invokeStaticInit(java.lang.Object, java.lang.Object)'> (0x00000000ec2089a0) 
thrown [s\src\hotspot\share\interpreter\linkResolver.cpp, line 773]
Event: 13.414 Thread 0x00000222ebefa630 Implicit null exception at 0x00000222e0b58675 to 0x00000222e0b58750
Event: 14.179 Thread 0x00000222ebefa630 Exception <a 'java/lang/ClassNotFoundException'{0x00000000ec0e7200}: com/sun/org/apache/xerces/internal/impl/msg/spi/DOMMessagesProvider> (0x00000000ec0e7200) 
thrown [s\src\hotspot\share\classfile\systemDictionary.cpp, line 312]
Event: 14.184 Thread 0x00000222ebefa630 Exception <a 'java/lang/ClassNotFoundException'{0x00000000ec102378}: com/sun/org/apache/xerces/internal/impl/msg/spi/XMLSerializerMessagesProvider> (0x00000000ec102378) 
thrown [s\src\hotspot\share\classfile\systemDictionary.cpp, line 312]
Event: 14.187 Thread 0x00000222ebefa630 Exception <a 'java/lang/ClassNotFoundException'{0x00000000ec10f698}: com/sun/org/apache/xerces/internal/impl/msg/spi/XMLMessagesProvider> (0x00000000ec10f698) 
thrown [s\src\hotspot\share\classfile\systemDictionary.cpp, line 312]
Event: 14.341 Thread 0x00000222ebefa630 Exception <a 'java/lang/NoSuchMethodError'{0x00000000ec3451c0}: 'java.lang.Object java.lang.invoke.DirectMethodHandle$Holder.newInvokeSpecial(java.lang.Object, int, java.lang.Object, java.lang.Object)'> (0x00000000ec3451c0) 
thrown [s\src\hotspot\share\interpreter\linkResolver.cpp, line 773]
Event: 14.454 Thread 0x00000222ebefa630 Exception <a 'sun/nio/fs/WindowsException'{0x00000000ead0d0c8}> (0x00000000ead0d0c8) 
thrown [s\src\hotspot\share\prims\jni.cpp, line 520]

ZGC Phase Switch (0 events):
No events

VM Operations (20 events):
Event: 12.304 Executing VM operation: HandshakeAllThreads (Deoptimize)
Event: 12.304 Executing VM operation: HandshakeAllThreads (Deoptimize) done
Event: 12.313 Executing VM operation: HandshakeAllThreads (Deoptimize)
Event: 12.313 Executing VM operation: HandshakeAllThreads (Deoptimize) done
Event: 12.595 Executing VM operation: HandshakeAllThreads (Deoptimize)
Event: 12.595 Executing VM operation: HandshakeAllThreads (Deoptimize) done
Event: 12.744 Executing VM operation: HandshakeAllThreads (Deoptimize)
Event: 12.744 Executing VM operation: HandshakeAllThreads (Deoptimize) done
Event: 12.974 Executing VM operation: ParallelGCFailedAllocation (Allocation Failure)
Event: 12.979 Executing VM operation: ParallelGCFailedAllocation (Allocation Failure) done
Event: 13.364 Executing VM operation: ParallelGCFailedAllocation (Allocation Failure)
Event: 13.367 Executing VM operation: ParallelGCFailedAllocation (Allocation Failure) done
Event: 13.504 Executing VM operation: CollectForMetadataAllocation (Metadata GC Threshold)
Event: 13.544 Executing VM operation: CollectForMetadataAllocation (Metadata GC Threshold) done
Event: 13.993 Executing VM operation: HandshakeAllThreads (Deoptimize)
Event: 13.993 Executing VM operation: HandshakeAllThreads (Deoptimize) done
Event: 14.350 Executing VM operation: ParallelGCFailedAllocation (Allocation Failure)
Event: 14.353 Executing VM operation: ParallelGCFailedAllocation (Allocation Failure) done
Event: 14.428 Executing VM operation: HandshakeAllThreads (Deoptimize)
Event: 14.429 Executing VM operation: HandshakeAllThreads (Deoptimize) done

Memory protections (0 events):
No events

Nmethod flushes (0 events):
No events

Events (20 events):
Event: 11.621 Thread 0x00000222ebefa630 Thread added: 0x00000222f24bbce0
Event: 11.638 Thread 0x00000222ebf3e540 Thread added: 0x00000222f2711170
Event: 11.789 Thread 0x00000222ebf3e540 Thread added: 0x00000222f270fd00
Event: 11.789 Thread 0x00000222ebf3e540 Thread added: 0x00000222f27103d0
Event: 11.789 Thread 0x00000222ebf3e540 Thread added: 0x00000222f270e890
Event: 12.064 Thread 0x00000222f270e890 Thread exited: 0x00000222f270e890
Event: 12.122 Thread 0x00000222ebefa630 Thread added: 0x00000222f24ba930
Event: 12.188 Thread 0x00000222ebf3e540 Thread added: 0x00000222f2710aa0
Event: 12.303 Thread 0x00000222f27103d0 Thread exited: 0x00000222f27103d0
Event: 12.766 Thread 0x00000222ebefa630 Thread added: 0x00000222f24bafc0
Event: 12.826 Thread 0x00000222ebefa630 Thread added: 0x00000222f24bb650
Event: 12.860 Thread 0x00000222ebefa630 Thread added: 0x00000222f24ba2a0
Event: 13.073 Thread 0x00000222f2711170 Thread added: 0x00000222f270daf0
Event: 13.246 Thread 0x00000222f270daf0 Thread exited: 0x00000222f270daf0
Event: 13.247 Thread 0x00000222f270fd00 Thread exited: 0x00000222f270fd00
Event: 13.546 Thread 0x00000222ebf37e70 Thread added: 0x00000222f270daf0
Event: 13.969 Thread 0x00000222f270daf0 Thread exited: 0x00000222f270daf0
Event: 14.011 Thread 0x00000222f2710aa0 Thread added: 0x00000222f270daf0
Event: 14.288 Thread 0x00000222ebefa630 Thread added: 0x00000222f24b9c10
Event: 14.392 Thread 0x00000222f2710aa0 Thread added: 0x00000222f270e1c0


Dynamic libraries:
0x00007ff6b8e10000 - 0x00007ff6b8e1e000 	c:\Users\truon\.vscode\extensions\redhat.java-1.41.1-win32-x64\jre\21.0.6-win32-x86_64\bin\java.exe
0x00007ff994080000 - 0x00007ff9942e3000 	C:\WINDOWS\SYSTEM32\ntdll.dll
0x00007ff992720000 - 0x00007ff9927e7000 	C:\WINDOWS\System32\KERNEL32.DLL
0x00007ff9913f0000 - 0x00007ff9917b9000 	C:\WINDOWS\System32\KERNELBASE.dll
0x00007ff9917c0000 - 0x00007ff99190c000 	C:\WINDOWS\System32\ucrtbase.dll
0x00007ff8c8470000 - 0x00007ff8c8488000 	c:\Users\truon\.vscode\extensions\redhat.java-1.41.1-win32-x64\jre\21.0.6-win32-x86_64\bin\jli.dll
0x00007ff8c8450000 - 0x00007ff8c846e000 	c:\Users\truon\.vscode\extensions\redhat.java-1.41.1-win32-x64\jre\21.0.6-win32-x86_64\bin\VCRUNTIME140.dll
0x00007ff993da0000 - 0x00007ff993f6a000 	C:\WINDOWS\System32\USER32.dll
0x00007ff991280000 - 0x00007ff9912a7000 	C:\WINDOWS\System32\win32u.dll
0x00007ff9750c0000 - 0x00007ff975350000 	C:\WINDOWS\WinSxS\amd64_microsoft.windows.common-controls_6595b64144ccf1df_6.0.26100.3323_none_3e088096e3344490\COMCTL32.dll
0x00007ff993c00000 - 0x00007ff993c2a000 	C:\WINDOWS\System32\GDI32.dll
0x00007ff9912b0000 - 0x00007ff9913e1000 	C:\WINDOWS\System32\gdi32full.dll
0x00007ff992a00000 - 0x00007ff992aa9000 	C:\WINDOWS\System32\msvcrt.dll
0x00007ff991a40000 - 0x00007ff991ae3000 	C:\WINDOWS\System32\msvcp_win.dll
0x00007ff9926c0000 - 0x00007ff9926ef000 	C:\WINDOWS\System32\IMM32.DLL
0x00007ff943b00000 - 0x00007ff943b0c000 	c:\Users\truon\.vscode\extensions\redhat.java-1.41.1-win32-x64\jre\21.0.6-win32-x86_64\bin\vcruntime140_1.dll
0x00007ff874e50000 - 0x00007ff874edd000 	c:\Users\truon\.vscode\extensions\redhat.java-1.41.1-win32-x64\jre\21.0.6-win32-x86_64\bin\msvcp140.dll
0x00007ff84f3d0000 - 0x00007ff850160000 	c:\Users\truon\.vscode\extensions\redhat.java-1.41.1-win32-x64\jre\21.0.6-win32-x86_64\bin\server\jvm.dll
0x00007ff993c30000 - 0x00007ff993ce2000 	C:\WINDOWS\System32\ADVAPI32.dll
0x00007ff992850000 - 0x00007ff9928f6000 	C:\WINDOWS\System32\sechost.dll
0x00007ff9925a0000 - 0x00007ff9926b6000 	C:\WINDOWS\System32\RPCRT4.dll
0x00007ff992fc0000 - 0x00007ff993034000 	C:\WINDOWS\System32\WS2_32.dll
0x00007ff991130000 - 0x00007ff99117e000 	C:\WINDOWS\SYSTEM32\POWRPROF.dll
0x00007ff984860000 - 0x00007ff984896000 	C:\WINDOWS\SYSTEM32\WINMM.dll
0x00007ff987890000 - 0x00007ff98789b000 	C:\WINDOWS\SYSTEM32\VERSION.dll
0x00007ff9910f0000 - 0x00007ff991104000 	C:\WINDOWS\SYSTEM32\UMPDC.dll
0x00007ff990070000 - 0x00007ff99008a000 	C:\WINDOWS\SYSTEM32\kernel.appcore.dll
0x00007ff9435d0000 - 0x00007ff9435da000 	c:\Users\truon\.vscode\extensions\redhat.java-1.41.1-win32-x64\jre\21.0.6-win32-x86_64\bin\jimage.dll
0x00007ff98ebf0000 - 0x00007ff98ee31000 	C:\WINDOWS\SYSTEM32\DBGHELP.DLL
0x00007ff992b40000 - 0x00007ff992ec2000 	C:\WINDOWS\System32\combase.dll
0x00007ff993040000 - 0x00007ff993116000 	C:\WINDOWS\System32\OLEAUT32.dll
0x00007ff976920000 - 0x00007ff976959000 	C:\WINDOWS\SYSTEM32\dbgcore.DLL
0x00007ff991910000 - 0x00007ff9919a9000 	C:\WINDOWS\System32\bcryptPrimitives.dll
0x00007ff943020000 - 0x00007ff94302f000 	c:\Users\truon\.vscode\extensions\redhat.java-1.41.1-win32-x64\jre\21.0.6-win32-x86_64\bin\instrument.dll
0x00007ff8963c0000 - 0x00007ff8963df000 	c:\Users\truon\.vscode\extensions\redhat.java-1.41.1-win32-x64\jre\21.0.6-win32-x86_64\bin\java.dll
0x00007ff993440000 - 0x00007ff993b55000 	C:\WINDOWS\System32\SHELL32.dll
0x00007ff991c70000 - 0x00007ff991dd8000 	C:\WINDOWS\System32\wintypes.dll
0x00007ff98ef20000 - 0x00007ff98f765000 	C:\WINDOWS\SYSTEM32\windows.storage.dll
0x00007ff992ed0000 - 0x00007ff992fbb000 	C:\WINDOWS\System32\SHCORE.dll
0x00007ff9927f0000 - 0x00007ff99284d000 	C:\WINDOWS\System32\shlwapi.dll
0x00007ff991190000 - 0x00007ff9911bf000 	C:\WINDOWS\SYSTEM32\profapi.dll
0x00007ff874d60000 - 0x00007ff874d78000 	c:\Users\truon\.vscode\extensions\redhat.java-1.41.1-win32-x64\jre\21.0.6-win32-x86_64\bin\zip.dll
0x00007ff942dc0000 - 0x00007ff942dd0000 	C:\Users\truon\.vscode\extensions\redhat.java-1.41.1-win32-x64\jre\21.0.6-win32-x86_64\bin\net.dll
0x00007ff98ab60000 - 0x00007ff98ac7e000 	C:\WINDOWS\SYSTEM32\WINHTTP.dll
0x00007ff9905a0000 - 0x00007ff99060a000 	C:\WINDOWS\system32\mswsock.dll
0x00007ff873b90000 - 0x00007ff873ba6000 	C:\Users\truon\.vscode\extensions\redhat.java-1.41.1-win32-x64\jre\21.0.6-win32-x86_64\bin\nio.dll
0x00007ff942ba0000 - 0x00007ff942bb0000 	c:\Users\truon\.vscode\extensions\redhat.java-1.41.1-win32-x64\jre\21.0.6-win32-x86_64\bin\verify.dll
0x00007ff859c30000 - 0x00007ff859c75000 	C:\Users\truon\AppData\Roaming\Code\User\globalStorage\redhat.java\1.41.1\config_ss_win\org.eclipse.equinox.launcher\org.eclipse.equinox.launcher.win32.win32.x86_64_1.2.1300.v20250331-1702\eclipse_11911.dll
0x00007ff993130000 - 0x00007ff9932c5000 	C:\WINDOWS\System32\ole32.dll
0x00007ff990870000 - 0x00007ff99088c000 	C:\WINDOWS\SYSTEM32\CRYPTSP.dll
0x00007ff98ffd0000 - 0x00007ff99000a000 	C:\WINDOWS\system32\rsaenh.dll
0x00007ff990660000 - 0x00007ff99068b000 	C:\WINDOWS\SYSTEM32\USERENV.dll
0x00007ff990aa0000 - 0x00007ff990ac6000 	C:\WINDOWS\SYSTEM32\bcrypt.dll
0x00007ff990860000 - 0x00007ff99086c000 	C:\WINDOWS\SYSTEM32\CRYPTBASE.dll
0x00007ff98fa80000 - 0x00007ff98fab3000 	C:\WINDOWS\SYSTEM32\IPHLPAPI.DLL
0x00007ff993120000 - 0x00007ff99312a000 	C:\WINDOWS\System32\NSI.dll
0x00007ff857710000 - 0x00007ff857759000 	C:\Users\truon\AppData\Local\Temp\jna-110640598\jna15633775211912500993.dll
0x00007ff993430000 - 0x00007ff993438000 	C:\WINDOWS\System32\PSAPI.DLL

dbghelp: loaded successfully - version: 4.0.5 - missing functions: none
symbol engine: initialized successfully - sym options: 0x614 - pdb path: .;c:\Users\truon\.vscode\extensions\redhat.java-1.41.1-win32-x64\jre\21.0.6-win32-x86_64\bin;C:\WINDOWS\SYSTEM32;C:\WINDOWS\WinSxS\amd64_microsoft.windows.common-controls_6595b64144ccf1df_6.0.26100.3323_none_3e088096e3344490;c:\Users\truon\.vscode\extensions\redhat.java-1.41.1-win32-x64\jre\21.0.6-win32-x86_64\bin\server;C:\Users\truon\AppData\Roaming\Code\User\globalStorage\redhat.java\1.41.1\config_ss_win\org.eclipse.equinox.launcher\org.eclipse.equinox.launcher.win32.win32.x86_64_1.2.1300.v20250331-1702;C:\Users\truon\AppData\Local\Temp\jna-110640598

VM Arguments:
jvm_args: --add-modules=ALL-SYSTEM --add-opens=java.base/java.util=ALL-UNNAMED --add-opens=java.base/java.lang=ALL-UNNAMED --add-opens=java.base/sun.nio.fs=ALL-UNNAMED -Declipse.application=org.eclipse.jdt.ls.core.id1 -Dosgi.bundles.defaultStartLevel=4 -Declipse.product=org.eclipse.jdt.ls.core.product -Djava.import.generatesMetadataFilesAtProjectRoot=false -DDetectVMInstallationsJob.disabled=true -Dfile.encoding=utf8 -XX:+UseParallelGC -XX:GCTimeRatio=4 -XX:AdaptiveSizePolicyWeight=90 -Dsun.zip.disableMemoryMapping=true -Xmx1G -Xms100m -Xlog:disable -javaagent:c:\Users\truon\.vscode\extensions\redhat.java-1.41.1-win32-x64\lombok\lombok-1.18.36.jar 
java_command: c:\Users\truon\.vscode\extensions\redhat.java-1.41.1-win32-x64\server\plugins\org.eclipse.equinox.launcher_1.7.0.v20250331-1702.jar -configuration c:\Users\truon\AppData\Roaming\Code\User\globalStorage\redhat.java\1.41.1\config_ss_win -data c:\Users\truon\AppData\Roaming\Code\User\workspaceStorage\76f9be1deef55dfe247a5e889a7ac273\redhat.java\ss_ws --pipe=\\.\pipe\lsp-1e860074cf72730abf132d4d56c570db-sock
java_class_path (initial): c:\Users\truon\.vscode\extensions\redhat.java-1.41.1-win32-x64\server\plugins\org.eclipse.equinox.launcher_1.7.0.v20250331-1702.jar
Launcher Type: SUN_STANDARD

[Global flags]
    uintx AdaptiveSizePolicyWeight                 = 90                                        {product} {command line}
     intx CICompilerCount                          = 12                                        {product} {ergonomic}
    uintx GCTimeRatio                              = 4                                         {product} {command line}
   size_t InitialHeapSize                          = 104857600                                 {product} {command line}
   size_t MaxHeapSize                              = 1073741824                                {product} {command line}
   size_t MaxNewSize                               = 357564416                                 {product} {ergonomic}
   size_t MinHeapDeltaBytes                        = 524288                                    {product} {ergonomic}
   size_t MinHeapSize                              = 104857600                                 {product} {command line}
   size_t NewSize                                  = 34603008                                  {product} {ergonomic}
    uintx NonNMethodCodeHeapSize                   = 7602480                                {pd product} {ergonomic}
    uintx NonProfiledCodeHeapSize                  = 122027880                              {pd product} {ergonomic}
   size_t OldSize                                  = 70254592                                  {product} {ergonomic}
    uintx ProfiledCodeHeapSize                     = 122027880                              {pd product} {ergonomic}
    uintx ReservedCodeCacheSize                    = 251658240                              {pd product} {ergonomic}
     bool SegmentedCodeCache                       = true                                      {product} {ergonomic}
   size_t SoftMaxHeapSize                          = 1073741824                             {manageable} {ergonomic}
     bool UseCompressedOops                        = true                           {product lp64_product} {ergonomic}
     bool UseLargePagesIndividualAllocation        = false                                  {pd product} {ergonomic}
     bool UseParallelGC                            = true                                      {product} {command line}

Logging:
Log output configuration:
 #0: stdout all=off uptime,level,tags foldmultilines=false
 #1: stderr all=off uptime,level,tags foldmultilines=false

Environment Variables:
JAVA_HOME=C:\Program Files\Java\jdk-23
PATH=C:\Program Files\Common Files\Oracle\Java\javapath;C:\WINDOWS\system32;C:\WINDOWS;C:\WINDOWS\System32\Wbem;C:\WINDOWS\System32\WindowsPowerShell\v1.0\;C:\WINDOWS\System32\OpenSSH\;C:\Program Files\Docker\Docker\resources\bin;C:\Program Files\nodejs\;C:\Program Files\Java\jdk-23\bin;C:\Users\truon\Downloads\apache-maven-3.9.9-bin\apache-maven-3.9.9\bin;C:\Program Files (x86)\Microsoft SQL Server\160\Tools\Binn\;C:\Program Files\Microsoft SQL Server\160\Tools\Binn\;C:\Program Files\Microsoft SQL Server\Client SDK\ODBC\170\Tools\Binn\;C:\Program Files\Microsoft SQL Server\160\DTS\Binn\;C:\Program Files (x86)\Microsoft SQL Server\160\DTS\Binn\;C:\Program Files\Microsoft SQL Server\150\Tools\Binn\;C:\Program Files\dotnet\;C:\Users\truon\AppData\Local\Microsoft\WindowsApps;;C:\Program Files\JetBrains\IntelliJ IDEA Community Edition 2024.3.2.1\bin;;C:\Users\truon\AppData\Local\Programs\Microsoft VS Code\bin;C:\Users\truon\AppData\Roaming\npm;C:\Users\truon\AppData\Local\Programs\cursor\resources\app\bin;C:\Users\truon\.dotnet\tools
USERNAME=truon
OS=Windows_NT
PROCESSOR_IDENTIFIER=Intel64 Family 6 Model 154 Stepping 3, GenuineIntel
TMP=C:\Users\truon\AppData\Local\Temp
TEMP=C:\Users\truon\AppData\Local\Temp




Periodic native trim disabled

---------------  S Y S T E M  ---------------

OS:
 Windows 11 , 64 bit Build 26100 (10.0.26100.3323)
OS uptime: 3 days 14:59 hours
Hyper-V role detected

CPU: total 16 (initial active 16) (8 cores per cpu, 2 threads per core) family 6 model 154 stepping 3 microcode 0x435, cx8, cmov, fxsr, ht, mmx, 3dnowpref, sse, sse2, sse3, ssse3, sse4.1, sse4.2, popcnt, lzcnt, tsc, tscinvbit, avx, avx2, aes, erms, clmul, bmi1, bmi2, adx, sha, fma, vzeroupper, clflush, clflushopt, clwb, hv, serialize, rdtscp, rdpid, fsrm, f16c, cet_ibt, cet_ss
Processor Information for processor 0
  Max Mhz: 1700, Current Mhz: 1700, Mhz Limit: 1700
Processor Information for processor 1
  Max Mhz: 1700, Current Mhz: 1700, Mhz Limit: 1700
Processor Information for processor 2
  Max Mhz: 1700, Current Mhz: 1700, Mhz Limit: 1700
Processor Information for processor 3
  Max Mhz: 1700, Current Mhz: 1700, Mhz Limit: 1700
Processor Information for processor 4
  Max Mhz: 1700, Current Mhz: 1700, Mhz Limit: 1700
Processor Information for processor 5
  Max Mhz: 1700, Current Mhz: 1700, Mhz Limit: 1700
Processor Information for processor 6
  Max Mhz: 1700, Current Mhz: 1700, Mhz Limit: 1700
Processor Information for processor 7
  Max Mhz: 1700, Current Mhz: 1700, Mhz Limit: 1700
Processor Information for processor 8
  Max Mhz: 1700, Current Mhz: 1200, Mhz Limit: 1190
Processor Information for processor 9
  Max Mhz: 1700, Current Mhz: 1200, Mhz Limit: 1190
Processor Information for processor 10
  Max Mhz: 1700, Current Mhz: 1200, Mhz Limit: 1190
Processor Information for processor 11
  Max Mhz: 1700, Current Mhz: 1200, Mhz Limit: 1190
Processor Information for processor 12
  Max Mhz: 1700, Current Mhz: 1200, Mhz Limit: 1190
Processor Information for processor 13
  Max Mhz: 1700, Current Mhz: 1200, Mhz Limit: 1190
Processor Information for processor 14
  Max Mhz: 1700, Current Mhz: 1200, Mhz Limit: 1190
Processor Information for processor 15
  Max Mhz: 1700, Current Mhz: 1200, Mhz Limit: 1190

Memory: 4k page, system-wide physical 16068M (524M free)
TotalPageFile size 25769M (AvailPageFile size 6M)
current process WorkingSet (physical memory assigned to process): 147M, peak: 148M
current process commit charge ("private bytes"): 263M, peak: 264M

vm_info: OpenJDK 64-Bit Server VM (21.0.6+7-LTS) for windows-amd64 JRE (21.0.6+7-LTS), built on 2025-01-21T00:00:00Z by "admin" with MS VC++ 17.7 (VS2022)

END.
