#
# There is insufficient memory for the Java Runtime Environment to continue.
# Native memory allocation (malloc) failed to allocate 295696 bytes. Error detail: Chunk::new
# Possible reasons:
#   The system is out of physical RAM or swap space
#   This process is running with CompressedOops enabled, and the Java Heap may be blocking the growth of the native heap
# Possible solutions:
#   Reduce memory load on the system
#   Increase physical memory or swap space
#   Check if swap backing store is full
#   Decrease Java heap size (-Xmx/-Xms)
#   Decrease number of Java threads
#   Decrease Java thread stack sizes (-Xss)
#   Set larger code cache with -XX:ReservedCodeCacheSize=
#   JVM is running with Unscaled Compressed Oops mode in which the Java heap is
#     placed in the first 4GB address space. The Java Heap base address is the
#     maximum limit for the native heap growth. Please use -XX:HeapBaseMinAddress
#     to set the Java Heap base and to place the Java Heap above 4GB virtual address.
# This output file may be truncated or incomplete.
#
#  Out of Memory Error (arena.cpp:168), pid=25904, tid=21724
#
# JRE version: OpenJDK Runtime Environment Temurin-21.0.6+7 (21.0.6+7) (build 21.0.6+7-LTS)
# Java VM: OpenJDK 64-Bit Server VM Temurin-21.0.6+7 (21.0.6+7-LTS, mixed mode, sharing, tiered, compressed oops, compressed class ptrs, parallel gc, windows-amd64)
# No core dump will be written. Minidumps are not enabled by default on client versions of Windows
#

---------------  S U M M A R Y ------------

Command Line: --add-modules=ALL-SYSTEM --add-opens=java.base/java.util=ALL-UNNAMED --add-opens=java.base/java.lang=ALL-UNNAMED --add-opens=java.base/sun.nio.fs=ALL-UNNAMED -Declipse.application=org.eclipse.jdt.ls.core.id1 -Dosgi.bundles.defaultStartLevel=4 -Declipse.product=org.eclipse.jdt.ls.core.product -Djava.import.generatesMetadataFilesAtProjectRoot=false -DDetectVMInstallationsJob.disabled=true -Dfile.encoding=utf8 -XX:+UseParallelGC -XX:GCTimeRatio=4 -XX:AdaptiveSizePolicyWeight=90 -Dsun.zip.disableMemoryMapping=true -Xmx1G -Xms100m -Xlog:disable -javaagent:c:\Users\truon\.vscode\extensions\redhat.java-1.41.1-win32-x64\lombok\lombok-1.18.36.jar -XX:+HeapDumpOnOutOfMemoryError -XX:HeapDumpPath=c:\Users\truon\AppData\Roaming\Code\User\workspaceStorage\76f9be1deef55dfe247a5e889a7ac273\redhat.java -Daether.dependencyCollector.impl=bf c:\Users\truon\.vscode\extensions\redhat.java-1.41.1-win32-x64\server\plugins\org.eclipse.equinox.launcher_1.7.0.v20250331-1702.jar -configuration c:\Users\truon\AppData\Roaming\Code\User\globalStorage\redhat.java\1.41.1\config_win -data c:\Users\truon\AppData\Roaming\Code\User\workspaceStorage\76f9be1deef55dfe247a5e889a7ac273\redhat.java\jdt_ws --pipe=\\.\pipe\lsp-dce4fc297294a157d87674b8bf5e5db9-sock

Host: 12th Gen Intel(R) Core(TM) i5-1240P, 16 cores, 15G,  Windows 11 , 64 bit Build 26100 (10.0.26100.3323)
Time: Tue Apr 15 15:22:14 2025 SE Asia Standard Time elapsed time: 9.082717 seconds (0d 0h 0m 9s)

---------------  T H R E A D  ---------------

Current thread (0x000001e6c92c19c0):  JavaThread "C2 CompilerThread7" daemon [_thread_in_native, id=21724, stack(0x0000000a2c300000,0x0000000a2c400000) (1024K)]


Current CompileTask:
C2:9082 6276       4       org.eclipse.jdt.internal.compiler.util.JrtFileSystem$2::visitFile (10 bytes)

Stack: [0x0000000a2c300000,0x0000000a2c400000]
Native frames: (J=compiled Java code, j=interpreted, Vv=VM code, C=native code)
V  [jvm.dll+0x6cdee9]
V  [jvm.dll+0x8a83d1]
V  [jvm.dll+0x8aa8fe]
V  [jvm.dll+0x8aafe3]
V  [jvm.dll+0x27f706]
V  [jvm.dll+0xc500d]
V  [jvm.dll+0xc5543]
V  [jvm.dll+0x5d7147]
V  [jvm.dll+0x382964]
V  [jvm.dll+0x381d9a]
V  [jvm.dll+0x2479f0]
V  [jvm.dll+0x246fcf]
V  [jvm.dll+0x1c75ee]
V  [jvm.dll+0x25685a]
V  [jvm.dll+0x254dfa]
V  [jvm.dll+0x3f0256]
V  [jvm.dll+0x851f8b]
V  [jvm.dll+0x6cc5ed]
C  [ucrtbase.dll+0x37b0]
C  [KERNEL32.DLL+0x2e8d7]
C  [ntdll.dll+0xbbf6c]


---------------  P R O C E S S  ---------------

Threads class SMR info:
_java_thread_list=0x000001e6ca698b60, length=41, elements={
0x000001e6e9c119a0, 0x000001e6fdffb880, 0x000001e6fdffc2a0, 0x000001e6ff6b9c50,
0x000001e6ff6bf960, 0x000001e6ff6bffc0, 0x000001e6ff6c7b40, 0x000001e6ff6cc1f0,
0x000001e6ff6d3dc0, 0x000001e6ff7aae40, 0x000001e6ff8506d0, 0x000001e6ff851580,
0x000001e6ff9d0a70, 0x000001e6c601bdc0, 0x000001e6c69b0000, 0x000001e6c6a3f080,
0x000001e6c68fa750, 0x000001e6c6a3e1f0, 0x000001e6c74197e0, 0x000001e6c713fc30,
0x000001e6c71ce040, 0x000001e6c71c5fd0, 0x000001e6c71c6660, 0x000001e6c71c3f00,
0x000001e6c71c6cf0, 0x000001e6c71c7380, 0x000001e6c79fb280, 0x000001e6c7586030,
0x000001e6c9208050, 0x000001e6c71c4c20, 0x000001e6c71c5940, 0x000001e6c80c0420,
0x000001e6c8faeeb0, 0x000001e6c71c52b0, 0x000001e6c92dac70, 0x000001e6c92c19c0,
0x000001e6cab26fd0, 0x000001e6cab29730, 0x000001e6cab28380, 0x000001e6cab27660,
0x000001e6cab262b0
}

Java Threads: ( => current thread )
  0x000001e6e9c119a0 JavaThread "main"                              [_thread_blocked, id=4228, stack(0x0000000a29100000,0x0000000a29200000) (1024K)]
  0x000001e6fdffb880 JavaThread "Reference Handler"          daemon [_thread_blocked, id=21884, stack(0x0000000a29500000,0x0000000a29600000) (1024K)]
  0x000001e6fdffc2a0 JavaThread "Finalizer"                  daemon [_thread_blocked, id=25940, stack(0x0000000a29600000,0x0000000a29700000) (1024K)]
  0x000001e6ff6b9c50 JavaThread "Signal Dispatcher"          daemon [_thread_blocked, id=19612, stack(0x0000000a29700000,0x0000000a29800000) (1024K)]
  0x000001e6ff6bf960 JavaThread "Attach Listener"            daemon [_thread_blocked, id=27296, stack(0x0000000a29800000,0x0000000a29900000) (1024K)]
  0x000001e6ff6bffc0 JavaThread "Service Thread"             daemon [_thread_blocked, id=26864, stack(0x0000000a29900000,0x0000000a29a00000) (1024K)]
  0x000001e6ff6c7b40 JavaThread "Monitor Deflation Thread"   daemon [_thread_blocked, id=15392, stack(0x0000000a29a00000,0x0000000a29b00000) (1024K)]
  0x000001e6ff6cc1f0 JavaThread "C2 CompilerThread0"         daemon [_thread_blocked, id=4604, stack(0x0000000a29b00000,0x0000000a29c00000) (1024K)]
  0x000001e6ff6d3dc0 JavaThread "C1 CompilerThread0"         daemon [_thread_blocked, id=19204, stack(0x0000000a29c00000,0x0000000a29d00000) (1024K)]
  0x000001e6ff7aae40 JavaThread "Common-Cleaner"             daemon [_thread_blocked, id=27016, stack(0x0000000a29d00000,0x0000000a29e00000) (1024K)]
  0x000001e6ff8506d0 JavaThread "C1 CompilerThread1"         daemon [_thread_blocked, id=25936, stack(0x0000000a29e00000,0x0000000a29f00000) (1024K)]
  0x000001e6ff851580 JavaThread "C1 CompilerThread2"         daemon [_thread_blocked, id=340, stack(0x0000000a29f00000,0x0000000a2a000000) (1024K)]
  0x000001e6ff9d0a70 JavaThread "C1 CompilerThread3"         daemon [_thread_blocked, id=25964, stack(0x0000000a2a100000,0x0000000a2a200000) (1024K)]
  0x000001e6c601bdc0 JavaThread "Notification Thread"        daemon [_thread_blocked, id=26040, stack(0x0000000a2a200000,0x0000000a2a300000) (1024K)]
  0x000001e6c69b0000 JavaThread "Active Thread: Equinox Container: 88de257e-2380-4f2f-a814-b74f216efa9a"        [_thread_blocked, id=20000, stack(0x0000000a2ac00000,0x0000000a2ad00000) (1024K)]
  0x000001e6c6a3f080 JavaThread "Refresh Thread: Equinox Container: 88de257e-2380-4f2f-a814-b74f216efa9a" daemon [_thread_blocked, id=19536, stack(0x0000000a2ae00000,0x0000000a2af00000) (1024K)]
  0x000001e6c68fa750 JavaThread "Framework Event Dispatcher: Equinox Container: 88de257e-2380-4f2f-a814-b74f216efa9a" daemon [_thread_blocked, id=13892, stack(0x0000000a2af00000,0x0000000a2b000000) (1024K)]
  0x000001e6c6a3e1f0 JavaThread "Start Level: Equinox Container: 88de257e-2380-4f2f-a814-b74f216efa9a" daemon [_thread_blocked, id=12820, stack(0x0000000a2b000000,0x0000000a2b100000) (1024K)]
  0x000001e6c74197e0 JavaThread "Bundle File Closer"         daemon [_thread_blocked, id=27368, stack(0x0000000a2b100000,0x0000000a2b200000) (1024K)]
  0x000001e6c713fc30 JavaThread "SCR Component Actor"        daemon [_thread_blocked, id=8468, stack(0x0000000a2b500000,0x0000000a2b600000) (1024K)]
  0x000001e6c71ce040 JavaThread "SCR Component Registry"     daemon [_thread_blocked, id=16716, stack(0x0000000a2b600000,0x0000000a2b700000) (1024K)]
  0x000001e6c71c5fd0 JavaThread "Worker-JM"                         [_thread_blocked, id=23324, stack(0x0000000a2b800000,0x0000000a2b900000) (1024K)]
  0x000001e6c71c6660 JavaThread "JNA Cleaner"                daemon [_thread_blocked, id=24008, stack(0x0000000a2a300000,0x0000000a2a400000) (1024K)]
  0x000001e6c71c3f00 JavaThread "Worker-0"                          [_thread_blocked, id=13544, stack(0x0000000a2aa00000,0x0000000a2ab00000) (1024K)]
  0x000001e6c71c6cf0 JavaThread "Worker-1: Repository registry initialization"        [_thread_blocked, id=20604, stack(0x0000000a2b900000,0x0000000a2ba00000) (1024K)]
  0x000001e6c71c7380 JavaThread "Worker-2"                          [_thread_blocked, id=19488, stack(0x0000000a2ba00000,0x0000000a2bb00000) (1024K)]
  0x000001e6c79fb280 JavaThread "C2 CompilerThread1"         daemon [_thread_in_native, id=19092, stack(0x0000000a2a000000,0x0000000a2a100000) (1024K)]
  0x000001e6c7586030 JavaThread "C2 CompilerThread2"         daemon [_thread_blocked, id=18924, stack(0x0000000a2bb00000,0x0000000a2bc00000) (1024K)]
  0x000001e6c9208050 JavaThread "C2 CompilerThread3"         daemon [_thread_blocked, id=16748, stack(0x0000000a2bc00000,0x0000000a2bd00000) (1024K)]
  0x000001e6c71c4c20 JavaThread "Java indexing"              daemon [_thread_blocked, id=27416, stack(0x0000000a2bd00000,0x0000000a2be00000) (1024K)]
  0x000001e6c71c5940 JavaThread "Worker-3"                          [_thread_blocked, id=17876, stack(0x0000000a2be00000,0x0000000a2bf00000) (1024K)]
  0x000001e6c80c0420 JavaThread "C2 CompilerThread4"         daemon [_thread_in_native, id=24508, stack(0x0000000a2bf00000,0x0000000a2c000000) (1024K)]
  0x000001e6c8faeeb0 JavaThread "C2 CompilerThread5"         daemon [_thread_blocked, id=20700, stack(0x0000000a2c000000,0x0000000a2c100000) (1024K)]
  0x000001e6c71c52b0 JavaThread "Worker-4: Java indexing... "        [_thread_blocked, id=26652, stack(0x0000000a2c100000,0x0000000a2c200000) (1024K)]
  0x000001e6c92dac70 JavaThread "C2 CompilerThread6"         daemon [_thread_in_native, id=10804, stack(0x0000000a2c200000,0x0000000a2c300000) (1024K)]
=>0x000001e6c92c19c0 JavaThread "C2 CompilerThread7"         daemon [_thread_in_native, id=21724, stack(0x0000000a2c300000,0x0000000a2c400000) (1024K)]
  0x000001e6cab26fd0 JavaThread "Worker-5"                          [_thread_blocked, id=27240, stack(0x0000000a2c600000,0x0000000a2c700000) (1024K)]
  0x000001e6cab29730 JavaThread "Worker-6"                          [_thread_blocked, id=26512, stack(0x0000000a2c700000,0x0000000a2c800000) (1024K)]
  0x000001e6cab28380 JavaThread "pool-2-thread-1"                   [_thread_blocked, id=14744, stack(0x0000000a2c800000,0x0000000a2c900000) (1024K)]
  0x000001e6cab27660 JavaThread "Framework stop - Equinox Container: 88de257e-2380-4f2f-a814-b74f216efa9a"        [_thread_blocked, id=12960, stack(0x0000000a2c900000,0x0000000a2ca00000) (1024K)]
  0x000001e6cab262b0 JavaThread "Worker-7"                          [_thread_blocked, id=18204, stack(0x0000000a2ca00000,0x0000000a2cb00000) (1024K)]
Total: 41

Other Threads:
  0x000001e6ff6b36d0 VMThread "VM Thread"                           [id=21872, stack(0x0000000a29400000,0x0000000a29500000) (1024K)]
  0x000001e6fdedca00 WatcherThread "VM Periodic Task Thread"        [id=23752, stack(0x0000000a29300000,0x0000000a29400000) (1024K)]
  0x000001e6e9c30f90 WorkerThread "GC Thread#0"                     [id=21332, stack(0x0000000a29200000,0x0000000a29300000) (1024K)]
  0x000001e6c65e88b0 WorkerThread "GC Thread#1"                     [id=16720, stack(0x0000000a2a400000,0x0000000a2a500000) (1024K)]
  0x000001e6c6caeaa0 WorkerThread "GC Thread#2"                     [id=26428, stack(0x0000000a2a500000,0x0000000a2a600000) (1024K)]
  0x000001e6c6e37210 WorkerThread "GC Thread#3"                     [id=21340, stack(0x0000000a2a600000,0x0000000a2a700000) (1024K)]
  0x000001e6c6dc5e80 WorkerThread "GC Thread#4"                     [id=18508, stack(0x0000000a2a700000,0x0000000a2a800000) (1024K)]
  0x000001e6c60aee90 WorkerThread "GC Thread#5"                     [id=22632, stack(0x0000000a2a800000,0x0000000a2a900000) (1024K)]
  0x000001e6c6dad010 WorkerThread "GC Thread#6"                     [id=25724, stack(0x0000000a2a900000,0x0000000a2aa00000) (1024K)]
  0x000001e6c6d12390 WorkerThread "GC Thread#7"                     [id=16964, stack(0x0000000a2ad00000,0x0000000a2ae00000) (1024K)]
  0x000001e6c72d3800 WorkerThread "GC Thread#8"                     [id=23216, stack(0x0000000a2b200000,0x0000000a2b300000) (1024K)]
  0x000001e6c72a4720 WorkerThread "GC Thread#9"                     [id=27608, stack(0x0000000a2b300000,0x0000000a2b400000) (1024K)]
  0x000001e6c72a4ac0 WorkerThread "GC Thread#10"                    [id=3188, stack(0x0000000a2b400000,0x0000000a2b500000) (1024K)]
  0x000001e6c72a5ce0 WorkerThread "GC Thread#11"                    [id=5272, stack(0x0000000a2ab00000,0x0000000a2ac00000) (1024K)]
  0x000001e6c72a5200 WorkerThread "GC Thread#12"                    [id=20108, stack(0x0000000a2b700000,0x0000000a2b800000) (1024K)]
Total: 15

Threads with active compile tasks:
C2 CompilerThread0  9101 7397       4       org.eclipse.jdt.internal.core.search.indexing.AbstractIndexer::addConstructorReference (58 bytes)
C2 CompilerThread1  9101 7321 %     4       org.eclipse.jdt.internal.core.search.indexing.BinaryIndexer::extractReferenceFromConstantPool @ 15 (358 bytes)
C2 CompilerThread2  9101 7512       4       org.eclipse.osgi.internal.serviceregistry.ServiceRegistry::notifyHooksPrivileged (58 bytes)
C2 CompilerThread3  9102 7526       4       sun.nio.fs.WindowsPath::getParent (5 bytes)
C2 CompilerThread4  9102 6277       4       org.eclipse.jdt.internal.compiler.util.JrtFileSystem$2::visitFile (72 bytes)
C2 CompilerThread5  9102 7459   !   4       org.eclipse.jdt.internal.compiler.classfmt.ClassFileReader::<init> (2135 bytes)
C2 CompilerThread6  9102 7310   !   4       org.eclipse.jdt.internal.core.search.indexing.BinaryIndexer::indexDocument (1204 bytes)
C2 CompilerThread7  9102 6276       4       org.eclipse.jdt.internal.compiler.util.JrtFileSystem$2::visitFile (10 bytes)
Total: 8

VM state: at safepoint (normal execution)

VM Mutex/Monitor currently owned by a thread:  ([mutex/lock_event])
[0x00007ff84f7ce380] Threads_lock - owner thread: 0x000001e6ff6b36d0
[0x00007ff84f7ce480] Heap_lock - owner thread: 0x000001e6c71c4c20

Heap address: 0x00000000c0000000, size: 1024 MB, Compressed Oops mode: 32-bit

CDS archive(s) mapped at: [0x000001e680000000-0x000001e680ba0000-0x000001e680ba0000), size 12189696, SharedBaseAddress: 0x000001e680000000, ArchiveRelocationMode: 1.
Compressed class space mapped at: 0x000001e681000000-0x000001e6c1000000, reserved size: 1073741824
Narrow klass base: 0x000001e680000000, Narrow klass shift: 0, Narrow klass range: 0x100000000

GC Precious Log:
 CardTable entry size: 512
 CPUs: 16 total, 16 available
 Memory: 16068M
 Large Page Support: Disabled
 NUMA Support: Disabled
 Compressed Oops: Enabled (32-bit)
 Alignments: Space 512K, Generation 512K, Heap 2M
 Heap Min Capacity: 100M
 Heap Initial Capacity: 100M
 Heap Max Capacity: 1G
 Pre-touch: Disabled
 Parallel Workers: 13

Heap:
 PSYoungGen      total 8192K, used 8160K [0x00000000eab00000, 0x00000000eb780000, 0x0000000100000000)
  eden space 6656K, 100% used [0x00000000eab00000,0x00000000eb180000,0x00000000eb180000)
  from space 1536K, 97% used [0x00000000eb200000,0x00000000eb3781a0,0x00000000eb380000)
  to   space 3072K, 50% used [0x00000000eb480000,0x00000000eb605328,0x00000000eb780000)
 ParOldGen       total 113152K, used 112815K [0x00000000c0000000, 0x00000000c6e80000, 0x00000000eab00000)
  object space 113152K, 99% used [0x00000000c0000000,0x00000000c6e2bf90,0x00000000c6e80000)
 Metaspace       used 44024K, committed 45312K, reserved 1114112K
  class space    used 4497K, committed 5120K, reserved 1048576K

Card table byte_map: [0x000001e6e95b0000,0x000001e6e97c0000] _byte_map_base: 0x000001e6e8fb0000

Marking Bits: (ParMarkBitMap*) 0x00007ff84f7d3260
 Begin Bits: [0x000001e6fbe00000, 0x000001e6fce00000)
 End Bits:   [0x000001e6fce00000, 0x000001e6fde00000)

Polling page: 0x000001e6e7a60000

Metaspace:

Usage:
  Non-class:     38.60 MB used.
      Class:      4.39 MB used.
       Both:     42.99 MB used.

Virtual space:
  Non-class space:       64.00 MB reserved,      39.25 MB ( 61%) committed,  1 nodes.
      Class space:        1.00 GB reserved,       5.00 MB ( <1%) committed,  1 nodes.
             Both:        1.06 GB reserved,      44.25 MB (  4%) committed. 

Chunk freelists:
   Non-Class:  7.83 MB
       Class:  10.86 MB
        Both:  18.69 MB

MaxMetaspaceSize: unlimited
CompressedClassSpaceSize: 1.00 GB
Initial GC threshold: 21.00 MB
Current GC threshold: 58.38 MB
CDS: on
 - commit_granule_bytes: 65536.
 - commit_granule_words: 8192.
 - virtual_space_node_default_size: 8388608.
 - enlarge_chunks_in_place: 1.
 - use_allocation_guard: 0.


Internal statistics:

num_allocs_failed_limit: 6.
num_arena_births: 958.
num_arena_deaths: 14.
num_vsnodes_births: 2.
num_vsnodes_deaths: 0.
num_space_committed: 708.
num_space_uncommitted: 0.
num_chunks_returned_to_freelist: 20.
num_chunks_taken_from_freelist: 2988.
num_chunk_merges: 12.
num_chunk_splits: 1837.
num_chunks_enlarged: 998.
num_inconsistent_stats: 0.

CodeHeap 'non-profiled nmethods': size=119168Kb used=3583Kb max_used=3583Kb free=115585Kb
 bounds [0x000001e6f49a0000, 0x000001e6f4d20000, 0x000001e6fbe00000]
CodeHeap 'profiled nmethods': size=119104Kb used=14272Kb max_used=14272Kb free=104831Kb
 bounds [0x000001e6ece00000, 0x000001e6edc00000, 0x000001e6f4250000]
CodeHeap 'non-nmethods': size=7488Kb used=3086Kb max_used=3185Kb free=4401Kb
 bounds [0x000001e6f4250000, 0x000001e6f4580000, 0x000001e6f49a0000]
 total_blobs=7502 nmethods=6822 adapters=581
 compilation: enabled
              stopped_count=0, restarted_count=0
 full_count=0

Compilation events (20 events):
Event: 9.052 Thread 0x000001e6ff6d3dc0 nmethod 7518 0x000001e6edbec790 code [0x000001e6edbec940, 0x000001e6edbeca90]
Event: 9.052 Thread 0x000001e6ff8506d0 nmethod 7517 0x000001e6edbecb90 code [0x000001e6edbecd40, 0x000001e6edbeced0]
Event: 9.053 Thread 0x000001e6ff851580 7519       3       jdk.internal.org.objectweb.asm.Frame::addInitializedType (77 bytes)
Event: 9.053 Thread 0x000001e6ff851580 nmethod 7519 0x000001e6edbecf90 code [0x000001e6edbed160, 0x000001e6edbed5e0]
Event: 9.053 Thread 0x000001e6c9208050 nmethod 5379 0x000001e6f4d1e490 code [0x000001e6f4d1e620, 0x000001e6f4d1e7b8]
Event: 9.053 Thread 0x000001e6c9208050 5465       4       java.lang.StringBuilder::append (9 bytes)
Event: 9.055 Thread 0x000001e6ff9d0a70 7521       3       com.google.inject.internal.AbstractProcessor$$Lambda/0x000001e681519ef0::test (16 bytes)
Event: 9.055 Thread 0x000001e6ff8506d0 7522       3       com.google.inject.internal.AbstractProcessor::visitOther (6 bytes)
Event: 9.055 Thread 0x000001e6ff8506d0 nmethod 7522 0x000001e6edbed790 code [0x000001e6edbed940, 0x000001e6edbedb98]
Event: 9.055 Thread 0x000001e6ff6d3dc0 7523       3       java.util.ArrayList::isClear (21 bytes)
Event: 9.055 Thread 0x000001e6ff9d0a70 nmethod 7521 0x000001e6edbedc90 code [0x000001e6edbedea0, 0x000001e6edbee670]
Event: 9.056 Thread 0x000001e6ff6d3dc0 nmethod 7523 0x000001e6edbee910 code [0x000001e6edbeeac0, 0x000001e6edbeec40]
Event: 9.059 Thread 0x000001e6ff851580 7524       3       org.eclipse.jdt.core.Signature::checkName (102 bytes)
Event: 9.060 Thread 0x000001e6ff851580 nmethod 7524 0x000001e6edbeed10 code [0x000001e6edbeef00, 0x000001e6edbef3a8]
Event: 9.062 Thread 0x000001e6ff9d0a70 7525       3       java.lang.ClassLoader::checkName (37 bytes)
Event: 9.063 Thread 0x000001e6ff9d0a70 nmethod 7525 0x000001e6edbef590 code [0x000001e6edbef7c0, 0x000001e6edbeffc8]
Event: 9.066 Thread 0x000001e6c9208050 nmethod 5465 0x000001e6f4d1e910 code [0x000001e6f4d1eb00, 0x000001e6f4d1f2f0]
Event: 9.066 Thread 0x000001e6c9208050 7520       4       org.eclipse.jdt.internal.compiler.classfmt.InnerClassInfo::<init> (55 bytes)
Event: 9.068 Thread 0x000001e6c9208050 nmethod 7520 0x000001e6f4d1f790 code [0x000001e6f4d1f920, 0x000001e6f4d1faa0]
Event: 9.068 Thread 0x000001e6c9208050 7526       4       sun.nio.fs.WindowsPath::getParent (5 bytes)

GC Heap History (20 events):
Event: 8.760 GC heap after
{Heap after GC invocations=51 (full 2):
 PSYoungGen      total 8704K, used 1601K [0x00000000eab00000, 0x00000000eb680000, 0x0000000100000000)
  eden space 6656K, 0% used [0x00000000eab00000,0x00000000eab00000,0x00000000eb180000)
  from space 2048K, 78% used [0x00000000eb180000,0x00000000eb310410,0x00000000eb380000)
  to   space 2560K, 0% used [0x00000000eb400000,0x00000000eb400000,0x00000000eb680000)
 ParOldGen       total 99328K, used 98884K [0x00000000c0000000, 0x00000000c6100000, 0x00000000eab00000)
  object space 99328K, 99% used [0x00000000c0000000,0x00000000c60910d0,0x00000000c6100000)
 Metaspace       used 43034K, committed 44288K, reserved 1114112K
  class space    used 4378K, committed 4992K, reserved 1048576K
}
Event: 8.803 GC heap before
{Heap before GC invocations=52 (full 2):
 PSYoungGen      total 8704K, used 8257K [0x00000000eab00000, 0x00000000eb680000, 0x0000000100000000)
  eden space 6656K, 100% used [0x00000000eab00000,0x00000000eb180000,0x00000000eb180000)
  from space 2048K, 78% used [0x00000000eb180000,0x00000000eb310410,0x00000000eb380000)
  to   space 2560K, 0% used [0x00000000eb400000,0x00000000eb400000,0x00000000eb680000)
 ParOldGen       total 99328K, used 98884K [0x00000000c0000000, 0x00000000c6100000, 0x00000000eab00000)
  object space 99328K, 99% used [0x00000000c0000000,0x00000000c60910d0,0x00000000c6100000)
 Metaspace       used 43183K, committed 44416K, reserved 1114112K
  class space    used 4396K, committed 4992K, reserved 1048576K
}
Event: 8.806 GC heap after
{Heap after GC invocations=52 (full 2):
 PSYoungGen      total 8192K, used 1536K [0x00000000eab00000, 0x00000000eb580000, 0x0000000100000000)
  eden space 6656K, 0% used [0x00000000eab00000,0x00000000eab00000,0x00000000eb180000)
  from space 1536K, 100% used [0x00000000eb400000,0x00000000eb580000,0x00000000eb580000)
  to   space 2048K, 0% used [0x00000000eb180000,0x00000000eb180000,0x00000000eb380000)
 ParOldGen       total 100352K, used 100281K [0x00000000c0000000, 0x00000000c6200000, 0x00000000eab00000)
  object space 100352K, 99% used [0x00000000c0000000,0x00000000c61ee760,0x00000000c6200000)
 Metaspace       used 43183K, committed 44416K, reserved 1114112K
  class space    used 4396K, committed 4992K, reserved 1048576K
}
Event: 8.838 GC heap before
{Heap before GC invocations=53 (full 2):
 PSYoungGen      total 8192K, used 8192K [0x00000000eab00000, 0x00000000eb580000, 0x0000000100000000)
  eden space 6656K, 100% used [0x00000000eab00000,0x00000000eb180000,0x00000000eb180000)
  from space 1536K, 100% used [0x00000000eb400000,0x00000000eb580000,0x00000000eb580000)
  to   space 2048K, 0% used [0x00000000eb180000,0x00000000eb180000,0x00000000eb380000)
 ParOldGen       total 100352K, used 100281K [0x00000000c0000000, 0x00000000c6200000, 0x00000000eab00000)
  object space 100352K, 99% used [0x00000000c0000000,0x00000000c61ee760,0x00000000c6200000)
 Metaspace       used 43260K, committed 44480K, reserved 1114112K
  class space    used 4405K, committed 4992K, reserved 1048576K
}
Event: 8.840 GC heap after
{Heap after GC invocations=53 (full 2):
 PSYoungGen      total 8704K, used 1651K [0x00000000eab00000, 0x00000000eb580000, 0x0000000100000000)
  eden space 6656K, 0% used [0x00000000eab00000,0x00000000eab00000,0x00000000eb180000)
  from space 2048K, 80% used [0x00000000eb180000,0x00000000eb31cff8,0x00000000eb380000)
  to   space 2048K, 0% used [0x00000000eb380000,0x00000000eb380000,0x00000000eb580000)
 ParOldGen       total 101888K, used 101574K [0x00000000c0000000, 0x00000000c6380000, 0x00000000eab00000)
  object space 101888K, 99% used [0x00000000c0000000,0x00000000c63318c0,0x00000000c6380000)
 Metaspace       used 43260K, committed 44480K, reserved 1114112K
  class space    used 4405K, committed 4992K, reserved 1048576K
}
Event: 8.874 GC heap before
{Heap before GC invocations=54 (full 2):
 PSYoungGen      total 8704K, used 8290K [0x00000000eab00000, 0x00000000eb580000, 0x0000000100000000)
  eden space 6656K, 99% used [0x00000000eab00000,0x00000000eb17b9b0,0x00000000eb180000)
  from space 2048K, 80% used [0x00000000eb180000,0x00000000eb31cff8,0x00000000eb380000)
  to   space 2048K, 0% used [0x00000000eb380000,0x00000000eb380000,0x00000000eb580000)
 ParOldGen       total 101888K, used 101574K [0x00000000c0000000, 0x00000000c6380000, 0x00000000eab00000)
  object space 101888K, 99% used [0x00000000c0000000,0x00000000c63318c0,0x00000000c6380000)
 Metaspace       used 43322K, committed 44608K, reserved 1114112K
  class space    used 4413K, committed 4992K, reserved 1048576K
}
Event: 8.876 GC heap after
{Heap after GC invocations=54 (full 2):
 PSYoungGen      total 8704K, used 1677K [0x00000000eab00000, 0x00000000eb580000, 0x0000000100000000)
  eden space 6656K, 0% used [0x00000000eab00000,0x00000000eab00000,0x00000000eb180000)
  from space 2048K, 81% used [0x00000000eb380000,0x00000000eb523420,0x00000000eb580000)
  to   space 2048K, 0% used [0x00000000eb180000,0x00000000eb180000,0x00000000eb380000)
 ParOldGen       total 103424K, used 103000K [0x00000000c0000000, 0x00000000c6500000, 0x00000000eab00000)
  object space 103424K, 99% used [0x00000000c0000000,0x00000000c6496088,0x00000000c6500000)
 Metaspace       used 43322K, committed 44608K, reserved 1114112K
  class space    used 4413K, committed 4992K, reserved 1048576K
}
Event: 8.903 GC heap before
{Heap before GC invocations=55 (full 2):
 PSYoungGen      total 8704K, used 8333K [0x00000000eab00000, 0x00000000eb580000, 0x0000000100000000)
  eden space 6656K, 100% used [0x00000000eab00000,0x00000000eb180000,0x00000000eb180000)
  from space 2048K, 81% used [0x00000000eb380000,0x00000000eb523420,0x00000000eb580000)
  to   space 2048K, 0% used [0x00000000eb180000,0x00000000eb180000,0x00000000eb380000)
 ParOldGen       total 103424K, used 103000K [0x00000000c0000000, 0x00000000c6500000, 0x00000000eab00000)
  object space 103424K, 99% used [0x00000000c0000000,0x00000000c6496088,0x00000000c6500000)
 Metaspace       used 43443K, committed 44736K, reserved 1114112K
  class space    used 4430K, committed 5056K, reserved 1048576K
}
Event: 8.906 GC heap after
{Heap after GC invocations=55 (full 2):
 PSYoungGen      total 8704K, used 1699K [0x00000000eab00000, 0x00000000eb580000, 0x0000000100000000)
  eden space 6656K, 0% used [0x00000000eab00000,0x00000000eab00000,0x00000000eb180000)
  from space 2048K, 82% used [0x00000000eb180000,0x00000000eb328d48,0x00000000eb380000)
  to   space 2048K, 0% used [0x00000000eb380000,0x00000000eb380000,0x00000000eb580000)
 ParOldGen       total 104960K, used 104475K [0x00000000c0000000, 0x00000000c6680000, 0x00000000eab00000)
  object space 104960K, 99% used [0x00000000c0000000,0x00000000c6606c70,0x00000000c6680000)
 Metaspace       used 43443K, committed 44736K, reserved 1114112K
  class space    used 4430K, committed 5056K, reserved 1048576K
}
Event: 8.938 GC heap before
{Heap before GC invocations=56 (full 2):
 PSYoungGen      total 8704K, used 8355K [0x00000000eab00000, 0x00000000eb580000, 0x0000000100000000)
  eden space 6656K, 100% used [0x00000000eab00000,0x00000000eb180000,0x00000000eb180000)
  from space 2048K, 82% used [0x00000000eb180000,0x00000000eb328d48,0x00000000eb380000)
  to   space 2048K, 0% used [0x00000000eb380000,0x00000000eb380000,0x00000000eb580000)
 ParOldGen       total 104960K, used 104475K [0x00000000c0000000, 0x00000000c6680000, 0x00000000eab00000)
  object space 104960K, 99% used [0x00000000c0000000,0x00000000c6606c70,0x00000000c6680000)
 Metaspace       used 43634K, committed 44928K, reserved 1114112K
  class space    used 4446K, committed 5056K, reserved 1048576K
}
Event: 8.940 GC heap after
{Heap after GC invocations=56 (full 2):
 PSYoungGen      total 8704K, used 1497K [0x00000000eab00000, 0x00000000eb580000, 0x0000000100000000)
  eden space 6656K, 0% used [0x00000000eab00000,0x00000000eab00000,0x00000000eb180000)
  from space 2048K, 73% used [0x00000000eb380000,0x00000000eb4f6488,0x00000000eb580000)
  to   space 2048K, 0% used [0x00000000eb180000,0x00000000eb180000,0x00000000eb380000)
 ParOldGen       total 105984K, used 105887K [0x00000000c0000000, 0x00000000c6780000, 0x00000000eab00000)
  object space 105984K, 99% used [0x00000000c0000000,0x00000000c6767e40,0x00000000c6780000)
 Metaspace       used 43634K, committed 44928K, reserved 1114112K
  class space    used 4446K, committed 5056K, reserved 1048576K
}
Event: 8.965 GC heap before
{Heap before GC invocations=57 (full 2):
 PSYoungGen      total 8704K, used 8140K [0x00000000eab00000, 0x00000000eb580000, 0x0000000100000000)
  eden space 6656K, 99% used [0x00000000eab00000,0x00000000eb17cda8,0x00000000eb180000)
  from space 2048K, 73% used [0x00000000eb380000,0x00000000eb4f6488,0x00000000eb580000)
  to   space 2048K, 0% used [0x00000000eb180000,0x00000000eb180000,0x00000000eb380000)
 ParOldGen       total 105984K, used 105887K [0x00000000c0000000, 0x00000000c6780000, 0x00000000eab00000)
  object space 105984K, 99% used [0x00000000c0000000,0x00000000c6767e40,0x00000000c6780000)
 Metaspace       used 43718K, committed 44992K, reserved 1114112K
  class space    used 4455K, committed 5056K, reserved 1048576K
}
Event: 8.967 GC heap after
{Heap after GC invocations=57 (full 2):
 PSYoungGen      total 8704K, used 1722K [0x00000000eab00000, 0x00000000eb580000, 0x0000000100000000)
  eden space 6656K, 0% used [0x00000000eab00000,0x00000000eab00000,0x00000000eb180000)
  from space 2048K, 84% used [0x00000000eb180000,0x00000000eb32eb58,0x00000000eb380000)
  to   space 2048K, 0% used [0x00000000eb380000,0x00000000eb380000,0x00000000eb580000)
 ParOldGen       total 107520K, used 107208K [0x00000000c0000000, 0x00000000c6900000, 0x00000000eab00000)
  object space 107520K, 99% used [0x00000000c0000000,0x00000000c68b2238,0x00000000c6900000)
 Metaspace       used 43718K, committed 44992K, reserved 1114112K
  class space    used 4455K, committed 5056K, reserved 1048576K
}
Event: 9.012 GC heap before
{Heap before GC invocations=58 (full 2):
 PSYoungGen      total 8704K, used 8378K [0x00000000eab00000, 0x00000000eb580000, 0x0000000100000000)
  eden space 6656K, 100% used [0x00000000eab00000,0x00000000eb180000,0x00000000eb180000)
  from space 2048K, 84% used [0x00000000eb180000,0x00000000eb32eb58,0x00000000eb380000)
  to   space 2048K, 0% used [0x00000000eb380000,0x00000000eb380000,0x00000000eb580000)
 ParOldGen       total 107520K, used 107208K [0x00000000c0000000, 0x00000000c6900000, 0x00000000eab00000)
  object space 107520K, 99% used [0x00000000c0000000,0x00000000c68b2238,0x00000000c6900000)
 Metaspace       used 43834K, committed 45120K, reserved 1114112K
  class space    used 4466K, committed 5056K, reserved 1048576K
}
Event: 9.016 GC heap after
{Heap after GC invocations=58 (full 2):
 PSYoungGen      total 8192K, used 1324K [0x00000000eab00000, 0x00000000eb500000, 0x0000000100000000)
  eden space 6656K, 0% used [0x00000000eab00000,0x00000000eab00000,0x00000000eb180000)
  from space 1536K, 86% used [0x00000000eb380000,0x00000000eb4cb360,0x00000000eb500000)
  to   space 1536K, 0% used [0x00000000eb200000,0x00000000eb200000,0x00000000eb380000)
 ParOldGen       total 110592K, used 110470K [0x00000000c0000000, 0x00000000c6c00000, 0x00000000eab00000)
  object space 110592K, 99% used [0x00000000c0000000,0x00000000c6be19a0,0x00000000c6c00000)
 Metaspace       used 43834K, committed 45120K, reserved 1114112K
  class space    used 4466K, committed 5056K, reserved 1048576K
}
Event: 9.042 GC heap before
{Heap before GC invocations=59 (full 2):
 PSYoungGen      total 8192K, used 7980K [0x00000000eab00000, 0x00000000eb500000, 0x0000000100000000)
  eden space 6656K, 100% used [0x00000000eab00000,0x00000000eb180000,0x00000000eb180000)
  from space 1536K, 86% used [0x00000000eb380000,0x00000000eb4cb360,0x00000000eb500000)
  to   space 1536K, 0% used [0x00000000eb200000,0x00000000eb200000,0x00000000eb380000)
 ParOldGen       total 110592K, used 110470K [0x00000000c0000000, 0x00000000c6c00000, 0x00000000eab00000)
  object space 110592K, 99% used [0x00000000c0000000,0x00000000c6be19a0,0x00000000c6c00000)
 Metaspace       used 43913K, committed 45184K, reserved 1114112K
  class space    used 4480K, committed 5056K, reserved 1048576K
}
Event: 9.044 GC heap after
{Heap after GC invocations=59 (full 2):
 PSYoungGen      total 8192K, used 1504K [0x00000000eab00000, 0x00000000eb780000, 0x0000000100000000)
  eden space 6656K, 0% used [0x00000000eab00000,0x00000000eab00000,0x00000000eb180000)
  from space 1536K, 97% used [0x00000000eb200000,0x00000000eb3781a0,0x00000000eb380000)
  to   space 3072K, 0% used [0x00000000eb480000,0x00000000eb480000,0x00000000eb780000)
 ParOldGen       total 112128K, used 111710K [0x00000000c0000000, 0x00000000c6d80000, 0x00000000eab00000)
  object space 112128K, 99% used [0x00000000c0000000,0x00000000c6d17b90,0x00000000c6d80000)
 Metaspace       used 43913K, committed 45184K, reserved 1114112K
  class space    used 4480K, committed 5056K, reserved 1048576K
}
Event: 9.076 GC heap before
{Heap before GC invocations=60 (full 2):
 PSYoungGen      total 8192K, used 8160K [0x00000000eab00000, 0x00000000eb780000, 0x0000000100000000)
  eden space 6656K, 100% used [0x00000000eab00000,0x00000000eb180000,0x00000000eb180000)
  from space 1536K, 97% used [0x00000000eb200000,0x00000000eb3781a0,0x00000000eb380000)
  to   space 3072K, 0% used [0x00000000eb480000,0x00000000eb480000,0x00000000eb780000)
 ParOldGen       total 112128K, used 111710K [0x00000000c0000000, 0x00000000c6d80000, 0x00000000eab00000)
  object space 112128K, 99% used [0x00000000c0000000,0x00000000c6d17b90,0x00000000c6d80000)
 Metaspace       used 44024K, committed 45312K, reserved 1114112K
  class space    used 4497K, committed 5120K, reserved 1048576K
}
Event: 9.079 GC heap after
{Heap after GC invocations=60 (full 2):
 PSYoungGen      total 8192K, used 8160K [0x00000000eab00000, 0x00000000eb780000, 0x0000000100000000)
  eden space 6656K, 100% used [0x00000000eab00000,0x00000000eb180000,0x00000000eb180000)
  from space 1536K, 97% used [0x00000000eb200000,0x00000000eb3781a0,0x00000000eb380000)
  to   space 3072K, 50% used [0x00000000eb480000,0x00000000eb605328,0x00000000eb780000)
 ParOldGen       total 113152K, used 112815K [0x00000000c0000000, 0x00000000c6e80000, 0x00000000eab00000)
  object space 113152K, 99% used [0x00000000c0000000,0x00000000c6e2bf90,0x00000000c6e80000)
 Metaspace       used 44024K, committed 45312K, reserved 1114112K
  class space    used 4497K, committed 5120K, reserved 1048576K
}
Event: 9.079 GC heap before
{Heap before GC invocations=61 (full 3):
 PSYoungGen      total 8192K, used 8160K [0x00000000eab00000, 0x00000000eb780000, 0x0000000100000000)
  eden space 6656K, 100% used [0x00000000eab00000,0x00000000eb180000,0x00000000eb180000)
  from space 1536K, 97% used [0x00000000eb200000,0x00000000eb3781a0,0x00000000eb380000)
  to   space 3072K, 50% used [0x00000000eb480000,0x00000000eb605328,0x00000000eb780000)
 ParOldGen       total 113152K, used 112815K [0x00000000c0000000, 0x00000000c6e80000, 0x00000000eab00000)
  object space 113152K, 99% used [0x00000000c0000000,0x00000000c6e2bf90,0x00000000c6e80000)
 Metaspace       used 44024K, committed 45312K, reserved 1114112K
  class space    used 4497K, committed 5120K, reserved 1048576K
}

Dll operation events (10 events):
Event: 0.009 Loaded shared library c:\Users\truon\.vscode\extensions\redhat.java-1.41.1-win32-x64\jre\21.0.6-win32-x86_64\bin\java.dll
Event: 0.073 Loaded shared library c:\Users\truon\.vscode\extensions\redhat.java-1.41.1-win32-x64\jre\21.0.6-win32-x86_64\bin\zip.dll
Event: 0.093 Loaded shared library C:\Users\truon\.vscode\extensions\redhat.java-1.41.1-win32-x64\jre\21.0.6-win32-x86_64\bin\instrument.dll
Event: 0.098 Loaded shared library C:\Users\truon\.vscode\extensions\redhat.java-1.41.1-win32-x64\jre\21.0.6-win32-x86_64\bin\net.dll
Event: 0.100 Loaded shared library C:\Users\truon\.vscode\extensions\redhat.java-1.41.1-win32-x64\jre\21.0.6-win32-x86_64\bin\nio.dll
Event: 0.103 Loaded shared library C:\Users\truon\.vscode\extensions\redhat.java-1.41.1-win32-x64\jre\21.0.6-win32-x86_64\bin\zip.dll
Event: 0.122 Loaded shared library C:\Users\truon\.vscode\extensions\redhat.java-1.41.1-win32-x64\jre\21.0.6-win32-x86_64\bin\jimage.dll
Event: 0.185 Loaded shared library c:\Users\truon\.vscode\extensions\redhat.java-1.41.1-win32-x64\jre\21.0.6-win32-x86_64\bin\verify.dll
Event: 1.201 Loaded shared library C:\Users\truon\AppData\Roaming\Code\User\globalStorage\redhat.java\1.41.1\config_win\org.eclipse.equinox.launcher\org.eclipse.equinox.launcher.win32.win32.x86_64_1.2.1300.v20250331-1702\eclipse_11911.dll
Event: 2.680 Loaded shared library C:\Users\truon\AppData\Local\Temp\jna-110640598\jna3014917171443058447.dll

Deoptimization events (20 events):
Event: 8.975 Thread 0x000001e6c71c4c20 DEOPT PACKING pc=0x000001e6eda2eb2a sp=0x0000000a2bdfe3b0
Event: 8.975 Thread 0x000001e6c71c4c20 DEOPT UNPACKING pc=0x000001e6f42a4242 sp=0x0000000a2bdfd938 mode 0
Event: 8.991 Thread 0x000001e6c71c4c20 DEOPT PACKING pc=0x000001e6eda2eb2a sp=0x0000000a2bdfe3b0
Event: 8.991 Thread 0x000001e6c71c4c20 DEOPT UNPACKING pc=0x000001e6f42a4242 sp=0x0000000a2bdfd938 mode 0
Event: 9.027 Thread 0x000001e6c71c4c20 DEOPT PACKING pc=0x000001e6eda2eb2a sp=0x0000000a2bdfe3b0
Event: 9.027 Thread 0x000001e6c71c4c20 DEOPT UNPACKING pc=0x000001e6f42a4242 sp=0x0000000a2bdfd938 mode 0
Event: 9.029 Thread 0x000001e6c71c4c20 DEOPT PACKING pc=0x000001e6eda7f353 sp=0x0000000a2bdfe3f0
Event: 9.029 Thread 0x000001e6c71c4c20 DEOPT UNPACKING pc=0x000001e6f42a4242 sp=0x0000000a2bdfd958 mode 0
Event: 9.033 Thread 0x000001e6c71c4c20 DEOPT PACKING pc=0x000001e6eda2eb2a sp=0x0000000a2bdfe3b0
Event: 9.033 Thread 0x000001e6c71c4c20 DEOPT UNPACKING pc=0x000001e6f42a4242 sp=0x0000000a2bdfd938 mode 0
Event: 9.037 Thread 0x000001e6c71c4c20 DEOPT PACKING pc=0x000001e6eda2eb2a sp=0x0000000a2bdfe3b0
Event: 9.037 Thread 0x000001e6c71c4c20 DEOPT UNPACKING pc=0x000001e6f42a4242 sp=0x0000000a2bdfd938 mode 0
Event: 9.040 Thread 0x000001e6c71c4c20 DEOPT PACKING pc=0x000001e6eda7f353 sp=0x0000000a2bdfe3f0
Event: 9.040 Thread 0x000001e6c71c4c20 DEOPT UNPACKING pc=0x000001e6f42a4242 sp=0x0000000a2bdfd958 mode 0
Event: 9.042 Thread 0x000001e6c71c4c20 DEOPT PACKING pc=0x000001e6eda2eb2a sp=0x0000000a2bdfe3b0
Event: 9.042 Thread 0x000001e6c71c4c20 DEOPT UNPACKING pc=0x000001e6f42a4242 sp=0x0000000a2bdfd938 mode 0
Event: 9.056 Thread 0x000001e6c71c4c20 DEOPT PACKING pc=0x000001e6eda2eb2a sp=0x0000000a2bdfe3b0
Event: 9.056 Thread 0x000001e6c71c4c20 DEOPT UNPACKING pc=0x000001e6f42a4242 sp=0x0000000a2bdfd938 mode 0
Event: 9.067 Thread 0x000001e6c71c4c20 DEOPT PACKING pc=0x000001e6eda2eb2a sp=0x0000000a2bdfe3b0
Event: 9.067 Thread 0x000001e6c71c4c20 DEOPT UNPACKING pc=0x000001e6f42a4242 sp=0x0000000a2bdfd938 mode 0

Classes loaded (20 events):
Event: 7.552 Loading class java/lang/reflect/AnnotatedParameterizedType done
Event: 7.552 Loading class sun/reflect/annotation/AnnotatedTypeFactory$AnnotatedParameterizedTypeImpl done
Event: 8.385 Loading class java/lang/reflect/Executable$ParameterData
Event: 8.385 Loading class java/lang/reflect/Executable$ParameterData done
Event: 8.385 Loading class sun/reflect/generics/scope/ConstructorScope
Event: 8.385 Loading class sun/reflect/generics/scope/ConstructorScope done
Event: 8.385 Loading class sun/reflect/generics/repository/ConstructorRepository
Event: 8.385 Loading class sun/reflect/generics/repository/ConstructorRepository done
Event: 8.386 Loading class sun/reflect/generics/tree/VoidDescriptor
Event: 8.386 Loading class sun/reflect/generics/tree/VoidDescriptor done
Event: 8.386 Loading class sun/reflect/generics/tree/MethodTypeSignature
Event: 8.386 Loading class sun/reflect/generics/tree/MethodTypeSignature done
Event: 8.465 Loading class java/util/concurrent/CompletionService
Event: 8.465 Loading class java/util/concurrent/CompletionService done
Event: 8.508 Loading class java/nio/channels/ServerSocketChannel
Event: 8.509 Loading class java/nio/channels/ServerSocketChannel done
Event: 8.636 Loading class sun/reflect/generics/repository/FieldRepository
Event: 8.636 Loading class sun/reflect/generics/repository/FieldRepository done
Event: 8.909 Loading class java/lang/ExceptionInInitializerError
Event: 8.909 Loading class java/lang/ExceptionInInitializerError done

Classes unloaded (7 events):
Event: 3.641 Thread 0x000001e6ff6b36d0 Unloading class 0x000001e681194c00 'java/lang/invoke/LambdaForm$MH+0x000001e681194c00'
Event: 3.641 Thread 0x000001e6ff6b36d0 Unloading class 0x000001e681194800 'java/lang/invoke/LambdaForm$MH+0x000001e681194800'
Event: 3.641 Thread 0x000001e6ff6b36d0 Unloading class 0x000001e681194400 'java/lang/invoke/LambdaForm$MH+0x000001e681194400'
Event: 3.641 Thread 0x000001e6ff6b36d0 Unloading class 0x000001e681194000 'java/lang/invoke/LambdaForm$MH+0x000001e681194000'
Event: 3.641 Thread 0x000001e6ff6b36d0 Unloading class 0x000001e681193c00 'java/lang/invoke/LambdaForm$BMH+0x000001e681193c00'
Event: 3.641 Thread 0x000001e6ff6b36d0 Unloading class 0x000001e681193800 'java/lang/invoke/LambdaForm$DMH+0x000001e681193800'
Event: 3.641 Thread 0x000001e6ff6b36d0 Unloading class 0x000001e681192400 'java/lang/invoke/LambdaForm$DMH+0x000001e681192400'

Classes redefined (0 events):
No events

Internal exceptions (20 events):
Event: 6.392 Thread 0x000001e6e9c119a0 Exception <a 'java/lang/NoSuchMethodError'{0x00000000eab1a3d0}: 'java.lang.Object java.lang.invoke.DirectMethodHandle$Holder.invokeStaticInit(java.lang.Object, long, java.lang.Object)'> (0x00000000eab1a3d0) 
thrown [s\src\hotspot\share\interpreter\linkResolver.cpp, line 773]
Event: 6.399 Thread 0x000001e6c71c52b0 Exception <a 'java/lang/NoSuchMethodError'{0x00000000eab90768}: 'void java.lang.invoke.DirectMethodHandle$Holder.invokeStaticInit(java.lang.Object, java.lang.Object, java.lang.Object, java.lang.Object)'> (0x00000000eab90768) 
thrown [s\src\hotspot\share\interpreter\linkResolver.cpp, line 773]
Event: 6.399 Thread 0x000001e6e9c119a0 Exception <a 'java/lang/NoSuchMethodError'{0x00000000eab8ef90}: 'java.lang.Object java.lang.invoke.DirectMethodHandle$Holder.newInvokeSpecial(java.lang.Object, long)'> (0x00000000eab8ef90) 
thrown [s\src\hotspot\share\interpreter\linkResolver.cpp, line 773]
Event: 6.416 Thread 0x000001e6e9c119a0 Exception <a 'sun/nio/fs/WindowsException'{0x00000000eac47538}> (0x00000000eac47538) 
thrown [s\src\hotspot\share\prims\jni.cpp, line 520]
Event: 6.559 Thread 0x000001e6c71c6cf0 Exception <a 'java/lang/NoClassDefFoundError'{0x00000000eb6cc8c0}: javax/enterprise/inject/Typed> (0x00000000eb6cc8c0) 
thrown [s\src\hotspot\share\classfile\systemDictionary.cpp, line 301]
Event: 6.830 Thread 0x000001e6c71c3f00 Exception <a 'java/io/FileNotFoundException'{0x00000000ebc2cc60}> (0x00000000ebc2cc60) 
thrown [s\src\hotspot\share\prims\jni.cpp, line 520]
Event: 6.830 Thread 0x000001e6c71c3f00 Exception <a 'java/io/FileNotFoundException'{0x00000000ebc2e180}> (0x00000000ebc2e180) 
thrown [s\src\hotspot\share\prims\jni.cpp, line 520]
Event: 6.839 Thread 0x000001e6c71c3f00 Exception <a 'java/lang/NoSuchMethodError'{0x00000000ebc450b0}: 'void java.lang.invoke.DirectMethodHandle$Holder.invokeStaticInit(java.lang.Object, java.lang.Object, java.lang.Object)'> (0x00000000ebc450b0) 
thrown [s\src\hotspot\share\interpreter\linkResolver.cpp, line 773]
Event: 7.253 Thread 0x000001e6c71c3f00 Exception <a 'sun/nio/fs/WindowsException'{0x00000000eb2fdff8}> (0x00000000eb2fdff8) 
thrown [s\src\hotspot\share\prims\jni.cpp, line 520]
Event: 7.333 Thread 0x000001e6c71c3f00 Exception <a 'java/io/FileNotFoundException'{0x00000000eb6a9950}> (0x00000000eb6a9950) 
thrown [s\src\hotspot\share\prims\jni.cpp, line 520]
Event: 7.420 Thread 0x000001e6c71c3f00 Exception <a 'sun/nio/fs/WindowsException'{0x00000000ebd3f3f8}> (0x00000000ebd3f3f8) 
thrown [s\src\hotspot\share\prims\jni.cpp, line 520]
Event: 7.420 Thread 0x000001e6c71c3f00 Exception <a 'sun/nio/fs/WindowsException'{0x00000000ebd3fcd8}> (0x00000000ebd3fcd8) 
thrown [s\src\hotspot\share\prims\jni.cpp, line 520]
Event: 7.444 Thread 0x000001e6c71c3f00 Exception <a 'java/io/FileNotFoundException'{0x00000000eacf2398}> (0x00000000eacf2398) 
thrown [s\src\hotspot\share\prims\jni.cpp, line 520]
Event: 7.444 Thread 0x000001e6c71c3f00 Exception <a 'java/io/FileNotFoundException'{0x00000000eacf3398}> (0x00000000eacf3398) 
thrown [s\src\hotspot\share\prims\jni.cpp, line 520]
Event: 7.444 Thread 0x000001e6c71c3f00 Exception <a 'java/io/FileNotFoundException'{0x00000000eacf40f0}> (0x00000000eacf40f0) 
thrown [s\src\hotspot\share\prims\jni.cpp, line 520]
Event: 7.694 Thread 0x000001e6c71c4c20 Implicit null exception at 0x000001e6f4aa925a to 0x000001e6f4aa9344
Event: 8.911 Thread 0x000001e6c71c6cf0 Exception <a 'java/lang/ExceptionInInitializerError'{0x00000000eac132b8}> (0x00000000eac132b8) 
thrown [s\src\hotspot\share\oops\instanceKlass.cpp, line 1220]
Event: 8.970 Thread 0x000001e6c71c6cf0 Implicit null exception at 0x000001e6f4ae9bfe to 0x000001e6f4ae9e70
Event: 8.970 Thread 0x000001e6c71c6cf0 Implicit null exception at 0x000001e6f4a49d1c to 0x000001e6f4a4abdc
Event: 8.975 Thread 0x000001e6c71c6cf0 Exception <a 'java/lang/NoSuchMethodError'{0x00000000eac3b808}: 'java.lang.Object java.lang.invoke.Invokers$Holder.invokeExact_MT(java.lang.Object, int, java.lang.Object)'> (0x00000000eac3b808) 
thrown [s\src\hotspot\share\interpreter\linkResolver.cpp, line 773]

ZGC Phase Switch (0 events):
No events

VM Operations (20 events):
Event: 8.760 Executing VM operation: ParallelGCFailedAllocation (Allocation Failure) done
Event: 8.803 Executing VM operation: ParallelGCFailedAllocation (Allocation Failure)
Event: 8.806 Executing VM operation: ParallelGCFailedAllocation (Allocation Failure) done
Event: 8.837 Executing VM operation: ParallelGCFailedAllocation (Allocation Failure)
Event: 8.840 Executing VM operation: ParallelGCFailedAllocation (Allocation Failure) done
Event: 8.874 Executing VM operation: ParallelGCFailedAllocation (Allocation Failure)
Event: 8.876 Executing VM operation: ParallelGCFailedAllocation (Allocation Failure) done
Event: 8.903 Executing VM operation: ParallelGCFailedAllocation (Allocation Failure)
Event: 8.906 Executing VM operation: ParallelGCFailedAllocation (Allocation Failure) done
Event: 8.935 Executing VM operation: ParallelGCFailedAllocation (Allocation Failure)
Event: 8.940 Executing VM operation: ParallelGCFailedAllocation (Allocation Failure) done
Event: 8.965 Executing VM operation: ParallelGCFailedAllocation (Allocation Failure)
Event: 8.967 Executing VM operation: ParallelGCFailedAllocation (Allocation Failure) done
Event: 9.012 Executing VM operation: ParallelGCFailedAllocation (Allocation Failure)
Event: 9.016 Executing VM operation: ParallelGCFailedAllocation (Allocation Failure) done
Event: 9.042 Executing VM operation: ParallelGCFailedAllocation (Allocation Failure)
Event: 9.044 Executing VM operation: ParallelGCFailedAllocation (Allocation Failure) done
Event: 9.068 Executing VM operation: HandshakeAllThreads (Deoptimize)
Event: 9.068 Executing VM operation: HandshakeAllThreads (Deoptimize) done
Event: 9.076 Executing VM operation: ParallelGCFailedAllocation (Allocation Failure)

Memory protections (0 events):
No events

Nmethod flushes (20 events):
Event: 6.361 Thread 0x000001e6ff6b36d0 flushing  nmethod 0x000001e6ed54c410
Event: 6.361 Thread 0x000001e6ff6b36d0 flushing  nmethod 0x000001e6ed54d610
Event: 6.361 Thread 0x000001e6ff6b36d0 flushing  nmethod 0x000001e6ed54de10
Event: 6.361 Thread 0x000001e6ff6b36d0 flushing  nmethod 0x000001e6ed54fb10
Event: 6.361 Thread 0x000001e6ff6b36d0 flushing  nmethod 0x000001e6ed550010
Event: 6.361 Thread 0x000001e6ff6b36d0 flushing  nmethod 0x000001e6ed550910
Event: 6.361 Thread 0x000001e6ff6b36d0 flushing  nmethod 0x000001e6ed551910
Event: 6.361 Thread 0x000001e6ff6b36d0 flushing  nmethod 0x000001e6ed553390
Event: 6.361 Thread 0x000001e6ff6b36d0 flushing  nmethod 0x000001e6ed554e10
Event: 6.361 Thread 0x000001e6ff6b36d0 flushing  nmethod 0x000001e6ed594090
Event: 6.361 Thread 0x000001e6ff6b36d0 flushing  nmethod 0x000001e6ed594b90
Event: 6.361 Thread 0x000001e6ff6b36d0 flushing  nmethod 0x000001e6ed5b4b90
Event: 6.361 Thread 0x000001e6ff6b36d0 flushing  nmethod 0x000001e6ed5bfe90
Event: 6.361 Thread 0x000001e6ff6b36d0 flushing  nmethod 0x000001e6ed63e790
Event: 6.361 Thread 0x000001e6ff6b36d0 flushing  nmethod 0x000001e6ed649d90
Event: 6.361 Thread 0x000001e6ff6b36d0 flushing  nmethod 0x000001e6ed66ba10
Event: 6.361 Thread 0x000001e6ff6b36d0 flushing  nmethod 0x000001e6ed66be90
Event: 6.361 Thread 0x000001e6ff6b36d0 flushing  nmethod 0x000001e6ed66ce10
Event: 6.361 Thread 0x000001e6ff6b36d0 flushing  nmethod 0x000001e6ed696990
Event: 6.361 Thread 0x000001e6ff6b36d0 flushing  nmethod 0x000001e6ed6bc410

Events (20 events):
Event: 3.909 Thread 0x000001e6c75c1250 Thread added: 0x000001e6c7949b50
Event: 4.269 Thread 0x000001e6c7949b50 Thread exited: 0x000001e6c7949b50
Event: 4.275 Thread 0x000001e6c703b620 Thread exited: 0x000001e6c703b620
Event: 4.276 Thread 0x000001e6c75c1250 Thread exited: 0x000001e6c75c1250
Event: 4.276 Thread 0x000001e6ff8739c0 Thread exited: 0x000001e6ff8739c0
Event: 4.470 Thread 0x000001e6ff6cc1f0 Thread added: 0x000001e6c79fb280
Event: 4.470 Thread 0x000001e6ff6cc1f0 Thread added: 0x000001e6c7586030
Event: 4.902 Thread 0x000001e6c7586030 Thread added: 0x000001e6c9208050
Event: 4.928 Thread 0x000001e6c6a3e1f0 Thread added: 0x000001e6c71c4c20
Event: 4.929 Thread 0x000001e6c71c7380 Thread added: 0x000001e6c71c5940
Event: 5.176 Thread 0x000001e6ff851580 Thread added: 0x000001e6c80c0420
Event: 5.445 Thread 0x000001e6ff851580 Thread added: 0x000001e6c8faeeb0
Event: 5.574 Thread 0x000001e6c71c5940 Thread added: 0x000001e6c71c52b0
Event: 5.589 Thread 0x000001e6ff851580 Thread added: 0x000001e6c92dac70
Event: 5.645 Thread 0x000001e6ff6d3dc0 Thread added: 0x000001e6c92c19c0
Event: 6.176 Thread 0x000001e6c71c52b0 Thread added: 0x000001e6cab26fd0
Event: 6.268 Thread 0x000001e6cab26fd0 Thread added: 0x000001e6cab29730
Event: 6.443 Thread 0x000001e6e9c119a0 Thread added: 0x000001e6cab28380
Event: 6.474 Thread 0x000001e6e9c119a0 Thread added: 0x000001e6cab27660
Event: 7.296 Thread 0x000001e6cab26fd0 Thread added: 0x000001e6cab262b0


Dynamic libraries:
0x00007ff6b8e10000 - 0x00007ff6b8e1e000 	c:\Users\truon\.vscode\extensions\redhat.java-1.41.1-win32-x64\jre\21.0.6-win32-x86_64\bin\java.exe
0x00007ff994080000 - 0x00007ff9942e3000 	C:\WINDOWS\SYSTEM32\ntdll.dll
0x00007ff992720000 - 0x00007ff9927e7000 	C:\WINDOWS\System32\KERNEL32.DLL
0x00007ff9913f0000 - 0x00007ff9917b9000 	C:\WINDOWS\System32\KERNELBASE.dll
0x00007ff9917c0000 - 0x00007ff99190c000 	C:\WINDOWS\System32\ucrtbase.dll
0x00007ff924380000 - 0x00007ff924398000 	c:\Users\truon\.vscode\extensions\redhat.java-1.41.1-win32-x64\jre\21.0.6-win32-x86_64\bin\jli.dll
0x00007ff8cb730000 - 0x00007ff8cb74e000 	c:\Users\truon\.vscode\extensions\redhat.java-1.41.1-win32-x64\jre\21.0.6-win32-x86_64\bin\VCRUNTIME140.dll
0x00007ff993da0000 - 0x00007ff993f6a000 	C:\WINDOWS\System32\USER32.dll
0x00007ff991280000 - 0x00007ff9912a7000 	C:\WINDOWS\System32\win32u.dll
0x00007ff993c00000 - 0x00007ff993c2a000 	C:\WINDOWS\System32\GDI32.dll
0x00007ff9750c0000 - 0x00007ff975350000 	C:\WINDOWS\WinSxS\amd64_microsoft.windows.common-controls_6595b64144ccf1df_6.0.26100.3323_none_3e088096e3344490\COMCTL32.dll
0x00007ff9912b0000 - 0x00007ff9913e1000 	C:\WINDOWS\System32\gdi32full.dll
0x00007ff991a40000 - 0x00007ff991ae3000 	C:\WINDOWS\System32\msvcp_win.dll
0x00007ff992a00000 - 0x00007ff992aa9000 	C:\WINDOWS\System32\msvcrt.dll
0x00007ff9926c0000 - 0x00007ff9926ef000 	C:\WINDOWS\System32\IMM32.DLL
0x00007ff943b00000 - 0x00007ff943b0c000 	c:\Users\truon\.vscode\extensions\redhat.java-1.41.1-win32-x64\jre\21.0.6-win32-x86_64\bin\vcruntime140_1.dll
0x00007ff8cad80000 - 0x00007ff8cae0d000 	c:\Users\truon\.vscode\extensions\redhat.java-1.41.1-win32-x64\jre\21.0.6-win32-x86_64\bin\msvcp140.dll
0x00007ff84eb20000 - 0x00007ff84f8b0000 	c:\Users\truon\.vscode\extensions\redhat.java-1.41.1-win32-x64\jre\21.0.6-win32-x86_64\bin\server\jvm.dll
0x00007ff993c30000 - 0x00007ff993ce2000 	C:\WINDOWS\System32\ADVAPI32.dll
0x00007ff992850000 - 0x00007ff9928f6000 	C:\WINDOWS\System32\sechost.dll
0x00007ff9925a0000 - 0x00007ff9926b6000 	C:\WINDOWS\System32\RPCRT4.dll
0x00007ff992fc0000 - 0x00007ff993034000 	C:\WINDOWS\System32\WS2_32.dll
0x00007ff991130000 - 0x00007ff99117e000 	C:\WINDOWS\SYSTEM32\POWRPROF.dll
0x00007ff987890000 - 0x00007ff98789b000 	C:\WINDOWS\SYSTEM32\VERSION.dll
0x00007ff984860000 - 0x00007ff984896000 	C:\WINDOWS\SYSTEM32\WINMM.dll
0x00007ff9910f0000 - 0x00007ff991104000 	C:\WINDOWS\SYSTEM32\UMPDC.dll
0x00007ff990070000 - 0x00007ff99008a000 	C:\WINDOWS\SYSTEM32\kernel.appcore.dll
0x00007ff9435d0000 - 0x00007ff9435da000 	c:\Users\truon\.vscode\extensions\redhat.java-1.41.1-win32-x64\jre\21.0.6-win32-x86_64\bin\jimage.dll
0x00007ff98ebf0000 - 0x00007ff98ee31000 	C:\WINDOWS\SYSTEM32\DBGHELP.DLL
0x00007ff992b40000 - 0x00007ff992ec2000 	C:\WINDOWS\System32\combase.dll
0x00007ff993040000 - 0x00007ff993116000 	C:\WINDOWS\System32\OLEAUT32.dll
0x00007ff976920000 - 0x00007ff976959000 	C:\WINDOWS\SYSTEM32\dbgcore.DLL
0x00007ff991910000 - 0x00007ff9919a9000 	C:\WINDOWS\System32\bcryptPrimitives.dll
0x00007ff943020000 - 0x00007ff94302f000 	c:\Users\truon\.vscode\extensions\redhat.java-1.41.1-win32-x64\jre\21.0.6-win32-x86_64\bin\instrument.dll
0x00007ff8cb710000 - 0x00007ff8cb72f000 	c:\Users\truon\.vscode\extensions\redhat.java-1.41.1-win32-x64\jre\21.0.6-win32-x86_64\bin\java.dll
0x00007ff993440000 - 0x00007ff993b55000 	C:\WINDOWS\System32\SHELL32.dll
0x00007ff991c70000 - 0x00007ff991dd8000 	C:\WINDOWS\System32\wintypes.dll
0x00007ff98ef20000 - 0x00007ff98f765000 	C:\WINDOWS\SYSTEM32\windows.storage.dll
0x00007ff992ed0000 - 0x00007ff992fbb000 	C:\WINDOWS\System32\SHCORE.dll
0x00007ff9927f0000 - 0x00007ff99284d000 	C:\WINDOWS\System32\shlwapi.dll
0x00007ff991190000 - 0x00007ff9911bf000 	C:\WINDOWS\SYSTEM32\profapi.dll
0x00007ff8cb6f0000 - 0x00007ff8cb708000 	c:\Users\truon\.vscode\extensions\redhat.java-1.41.1-win32-x64\jre\21.0.6-win32-x86_64\bin\zip.dll
0x00007ff942dc0000 - 0x00007ff942dd0000 	C:\Users\truon\.vscode\extensions\redhat.java-1.41.1-win32-x64\jre\21.0.6-win32-x86_64\bin\net.dll
0x00007ff98ab60000 - 0x00007ff98ac7e000 	C:\WINDOWS\SYSTEM32\WINHTTP.dll
0x00007ff9905a0000 - 0x00007ff99060a000 	C:\WINDOWS\system32\mswsock.dll
0x00007ff8cb6b0000 - 0x00007ff8cb6c6000 	C:\Users\truon\.vscode\extensions\redhat.java-1.41.1-win32-x64\jre\21.0.6-win32-x86_64\bin\nio.dll
0x00007ff942ba0000 - 0x00007ff942bb0000 	c:\Users\truon\.vscode\extensions\redhat.java-1.41.1-win32-x64\jre\21.0.6-win32-x86_64\bin\verify.dll
0x00007ff8cad30000 - 0x00007ff8cad75000 	C:\Users\truon\AppData\Roaming\Code\User\globalStorage\redhat.java\1.41.1\config_win\org.eclipse.equinox.launcher\org.eclipse.equinox.launcher.win32.win32.x86_64_1.2.1300.v20250331-1702\eclipse_11911.dll
0x00007ff993130000 - 0x00007ff9932c5000 	C:\WINDOWS\System32\ole32.dll
0x00007ff990870000 - 0x00007ff99088c000 	C:\WINDOWS\SYSTEM32\CRYPTSP.dll
0x00007ff98ffd0000 - 0x00007ff99000a000 	C:\WINDOWS\system32\rsaenh.dll
0x00007ff990660000 - 0x00007ff99068b000 	C:\WINDOWS\SYSTEM32\USERENV.dll
0x00007ff990aa0000 - 0x00007ff990ac6000 	C:\WINDOWS\SYSTEM32\bcrypt.dll
0x00007ff990860000 - 0x00007ff99086c000 	C:\WINDOWS\SYSTEM32\CRYPTBASE.dll
0x00007ff98fa80000 - 0x00007ff98fab3000 	C:\WINDOWS\SYSTEM32\IPHLPAPI.DLL
0x00007ff993120000 - 0x00007ff99312a000 	C:\WINDOWS\System32\NSI.dll
0x00007ff8c8450000 - 0x00007ff8c8499000 	C:\Users\truon\AppData\Local\Temp\jna-110640598\jna3014917171443058447.dll
0x00007ff993430000 - 0x00007ff993438000 	C:\WINDOWS\System32\PSAPI.DLL
0x00007ff98b410000 - 0x00007ff98b42f000 	C:\WINDOWS\SYSTEM32\dhcpcsvc6.DLL
0x00007ff98b330000 - 0x00007ff98b355000 	C:\WINDOWS\SYSTEM32\dhcpcsvc.DLL

dbghelp: loaded successfully - version: 4.0.5 - missing functions: none
symbol engine: initialized successfully - sym options: 0x614 - pdb path: .;c:\Users\truon\.vscode\extensions\redhat.java-1.41.1-win32-x64\jre\21.0.6-win32-x86_64\bin;C:\WINDOWS\SYSTEM32;C:\WINDOWS\WinSxS\amd64_microsoft.windows.common-controls_6595b64144ccf1df_6.0.26100.3323_none_3e088096e3344490;c:\Users\truon\.vscode\extensions\redhat.java-1.41.1-win32-x64\jre\21.0.6-win32-x86_64\bin\server;C:\Users\truon\AppData\Roaming\Code\User\globalStorage\redhat.java\1.41.1\config_win\org.eclipse.equinox.launcher\org.eclipse.equinox.launcher.win32.win32.x86_64_1.2.1300.v20250331-1702;C:\Users\truon\AppData\Local\Temp\jna-110640598

VM Arguments:
jvm_args: --add-modules=ALL-SYSTEM --add-opens=java.base/java.util=ALL-UNNAMED --add-opens=java.base/java.lang=ALL-UNNAMED --add-opens=java.base/sun.nio.fs=ALL-UNNAMED -Declipse.application=org.eclipse.jdt.ls.core.id1 -Dosgi.bundles.defaultStartLevel=4 -Declipse.product=org.eclipse.jdt.ls.core.product -Djava.import.generatesMetadataFilesAtProjectRoot=false -DDetectVMInstallationsJob.disabled=true -Dfile.encoding=utf8 -XX:+UseParallelGC -XX:GCTimeRatio=4 -XX:AdaptiveSizePolicyWeight=90 -Dsun.zip.disableMemoryMapping=true -Xmx1G -Xms100m -Xlog:disable -javaagent:c:\Users\truon\.vscode\extensions\redhat.java-1.41.1-win32-x64\lombok\lombok-1.18.36.jar -XX:+HeapDumpOnOutOfMemoryError -XX:HeapDumpPath=c:\Users\truon\AppData\Roaming\Code\User\workspaceStorage\76f9be1deef55dfe247a5e889a7ac273\redhat.java -Daether.dependencyCollector.impl=bf 
java_command: c:\Users\truon\.vscode\extensions\redhat.java-1.41.1-win32-x64\server\plugins\org.eclipse.equinox.launcher_1.7.0.v20250331-1702.jar -configuration c:\Users\truon\AppData\Roaming\Code\User\globalStorage\redhat.java\1.41.1\config_win -data c:\Users\truon\AppData\Roaming\Code\User\workspaceStorage\76f9be1deef55dfe247a5e889a7ac273\redhat.java\jdt_ws --pipe=\\.\pipe\lsp-dce4fc297294a157d87674b8bf5e5db9-sock
java_class_path (initial): c:\Users\truon\.vscode\extensions\redhat.java-1.41.1-win32-x64\server\plugins\org.eclipse.equinox.launcher_1.7.0.v20250331-1702.jar
Launcher Type: SUN_STANDARD

[Global flags]
    uintx AdaptiveSizePolicyWeight                 = 90                                        {product} {command line}
     intx CICompilerCount                          = 12                                        {product} {ergonomic}
    uintx GCTimeRatio                              = 4                                         {product} {command line}
     bool HeapDumpOnOutOfMemoryError               = true                                   {manageable} {command line}
    ccstr HeapDumpPath                             = c:\Users\truon\AppData\Roaming\Code\User\workspaceStorage\76f9be1deef55dfe247a5e889a7ac273\redhat.java         {manageable} {command line}
   size_t InitialHeapSize                          = 104857600                                 {product} {command line}
   size_t MaxHeapSize                              = 1073741824                                {product} {command line}
   size_t MaxNewSize                               = 357564416                                 {product} {ergonomic}
   size_t MinHeapDeltaBytes                        = 524288                                    {product} {ergonomic}
   size_t MinHeapSize                              = 104857600                                 {product} {command line}
   size_t NewSize                                  = 34603008                                  {product} {ergonomic}
    uintx NonNMethodCodeHeapSize                   = 7602480                                {pd product} {ergonomic}
    uintx NonProfiledCodeHeapSize                  = 122027880                              {pd product} {ergonomic}
   size_t OldSize                                  = 70254592                                  {product} {ergonomic}
    uintx ProfiledCodeHeapSize                     = 122027880                              {pd product} {ergonomic}
    uintx ReservedCodeCacheSize                    = 251658240                              {pd product} {ergonomic}
     bool SegmentedCodeCache                       = true                                      {product} {ergonomic}
   size_t SoftMaxHeapSize                          = 1073741824                             {manageable} {ergonomic}
     bool UseCompressedOops                        = true                           {product lp64_product} {ergonomic}
     bool UseLargePagesIndividualAllocation        = false                                  {pd product} {ergonomic}
     bool UseParallelGC                            = true                                      {product} {command line}

Logging:
Log output configuration:
 #0: stdout all=off uptime,level,tags foldmultilines=false
 #1: stderr all=off uptime,level,tags foldmultilines=false

Environment Variables:
JAVA_HOME=C:\Program Files\Java\jdk-23
PATH=C:\Program Files\Common Files\Oracle\Java\javapath;C:\WINDOWS\system32;C:\WINDOWS;C:\WINDOWS\System32\Wbem;C:\WINDOWS\System32\WindowsPowerShell\v1.0\;C:\WINDOWS\System32\OpenSSH\;C:\Program Files\Docker\Docker\resources\bin;C:\Program Files\nodejs\;C:\Program Files\Java\jdk-23\bin;C:\Users\truon\Downloads\apache-maven-3.9.9-bin\apache-maven-3.9.9\bin;C:\Program Files (x86)\Microsoft SQL Server\160\Tools\Binn\;C:\Program Files\Microsoft SQL Server\160\Tools\Binn\;C:\Program Files\Microsoft SQL Server\Client SDK\ODBC\170\Tools\Binn\;C:\Program Files\Microsoft SQL Server\160\DTS\Binn\;C:\Program Files (x86)\Microsoft SQL Server\160\DTS\Binn\;C:\Program Files\Microsoft SQL Server\150\Tools\Binn\;C:\Program Files\dotnet\;C:\Users\truon\AppData\Local\Microsoft\WindowsApps;;C:\Program Files\JetBrains\IntelliJ IDEA Community Edition 2024.3.2.1\bin;;C:\Users\truon\AppData\Local\Programs\Microsoft VS Code\bin;C:\Users\truon\AppData\Roaming\npm;C:\Users\truon\AppData\Local\Programs\cursor\resources\app\bin;C:\Users\truon\.dotnet\tools
USERNAME=truon
OS=Windows_NT
PROCESSOR_IDENTIFIER=Intel64 Family 6 Model 154 Stepping 3, GenuineIntel
TMP=C:\Users\truon\AppData\Local\Temp
TEMP=C:\Users\truon\AppData\Local\Temp




Periodic native trim disabled

---------------  S Y S T E M  ---------------

OS:
 Windows 11 , 64 bit Build 26100 (10.0.26100.3323)
OS uptime: 3 days 15:01 hours
Hyper-V role detected

CPU: total 16 (initial active 16) (8 cores per cpu, 2 threads per core) family 6 model 154 stepping 3 microcode 0x435, cx8, cmov, fxsr, ht, mmx, 3dnowpref, sse, sse2, sse3, ssse3, sse4.1, sse4.2, popcnt, lzcnt, tsc, tscinvbit, avx, avx2, aes, erms, clmul, bmi1, bmi2, adx, sha, fma, vzeroupper, clflush, clflushopt, clwb, hv, serialize, rdtscp, rdpid, fsrm, f16c, cet_ibt, cet_ss
Processor Information for processor 0
  Max Mhz: 1700, Current Mhz: 1700, Mhz Limit: 1700
Processor Information for processor 1
  Max Mhz: 1700, Current Mhz: 1700, Mhz Limit: 1700
Processor Information for processor 2
  Max Mhz: 1700, Current Mhz: 1700, Mhz Limit: 1700
Processor Information for processor 3
  Max Mhz: 1700, Current Mhz: 1700, Mhz Limit: 1700
Processor Information for processor 4
  Max Mhz: 1700, Current Mhz: 1700, Mhz Limit: 1700
Processor Information for processor 5
  Max Mhz: 1700, Current Mhz: 1700, Mhz Limit: 1700
Processor Information for processor 6
  Max Mhz: 1700, Current Mhz: 1700, Mhz Limit: 1700
Processor Information for processor 7
  Max Mhz: 1700, Current Mhz: 1700, Mhz Limit: 1700
Processor Information for processor 8
  Max Mhz: 1700, Current Mhz: 1200, Mhz Limit: 1190
Processor Information for processor 9
  Max Mhz: 1700, Current Mhz: 1200, Mhz Limit: 1190
Processor Information for processor 10
  Max Mhz: 1700, Current Mhz: 1200, Mhz Limit: 1190
Processor Information for processor 11
  Max Mhz: 1700, Current Mhz: 1200, Mhz Limit: 1190
Processor Information for processor 12
  Max Mhz: 1700, Current Mhz: 1200, Mhz Limit: 1190
Processor Information for processor 13
  Max Mhz: 1700, Current Mhz: 1200, Mhz Limit: 1190
Processor Information for processor 14
  Max Mhz: 1700, Current Mhz: 1200, Mhz Limit: 1190
Processor Information for processor 15
  Max Mhz: 1700, Current Mhz: 1200, Mhz Limit: 1190

Memory: 4k page, system-wide physical 16068M (1229M free)
TotalPageFile size 25876M (AvailPageFile size 10M)
current process WorkingSet (physical memory assigned to process): 429M, peak: 435M
current process commit charge ("private bytes"): 453M, peak: 1030M

vm_info: OpenJDK 64-Bit Server VM (21.0.6+7-LTS) for windows-amd64 JRE (21.0.6+7-LTS), built on 2025-01-21T00:00:00Z by "admin" with MS VC++ 17.7 (VS2022)

END.
